#
# There is insufficient memory for the Java Runtime Environment to continue.
# Native memory allocation (malloc) failed to allocate 32744 bytes for ChunkPool::allocate
# Possible reasons:
#   The system is out of physical RAM or swap space
#   In 32 bit mode, the process size limit was hit
# Possible solutions:
#   Reduce memory load on the system
#   Increase physical memory or swap space
#   Check if swap backing store is full
#   Use 64 bit Java on a 64 bit OS
#   Decrease Java heap size (-Xmx/-Xms)
#   Decrease number of Java threads
#   Decrease Java thread stack sizes (-Xss)
#   Set larger code cache with -XX:ReservedCodeCacheSize=
# This output file may be truncated or incomplete.
#
#  Out of Memory Error (allocation.cpp:273), pid=117736, tid=0x0000000000026968
#
# JRE version: Java(TM) SE Runtime Environment (8.0_191-b12) (build 1.8.0_191-b12)
# Java VM: Java HotSpot(TM) 64-Bit Server VM (25.191-b12 mixed mode windows-amd64 compressed oops)
# Failed to write core dump. Minidumps are not enabled by default on client versions of Windows
#

---------------  T H R E A D  ---------------

Current thread (0x0000000019fff000):  JavaThread "C2 CompilerThread2" daemon [_thread_in_native, id=158056, stack(0x000000001aac0000,0x000000001abc0000)]

Stack: [0x000000001aac0000,0x000000001abc0000]
[error occurred during error reporting (printing stack bounds), id 0xc0000005]

Native frames: (J=compiled Java code, j=interpreted, Vv=VM code, C=native code)


Current CompileTask:
C2:  43006 4538 % !   4       java.io.BufferedReader::readLine @ 131 (304 bytes)


---------------  P R O C E S S  ---------------

Java Threads: ( => current thread )
  0x000000001c539800 JavaThread "Thread-5" [_thread_in_native, id=160584, stack(0x00000000216f0000,0x00000000217f0000)]
  0x000000001c536000 JavaThread "Thread-4" [_thread_in_native, id=159800, stack(0x00000000215f0000,0x00000000216f0000)]
  0x000000001c539000 JavaThread "Thread-3" [_thread_blocked, id=154132, stack(0x00000000214f0000,0x00000000215f0000)]
  0x000000001c53b000 JavaThread "ThreadedStreamConsumer" daemon [_thread_in_native, id=160188, stack(0x00000000211f0000,0x00000000212f0000)]
  0x000000001b60a000 JavaThread "ping-timer-10s" daemon [_thread_blocked, id=157892, stack(0x00000000210f0000,0x00000000211f0000)]
  0x000000001b607000 JavaThread "timeout-check-timer" daemon [_thread_blocked, id=117376, stack(0x0000000020ff0000,0x00000000210f0000)]
  0x000000001b606800 JavaThread "resolver-5" daemon [_thread_blocked, id=116084, stack(0x0000000020ef0000,0x0000000020ff0000)]
  0x000000001b609800 JavaThread "resolver-4" daemon [_thread_blocked, id=135112, stack(0x0000000020df0000,0x0000000020ef0000)]
  0x000000001b608800 JavaThread "resolver-3" daemon [_thread_blocked, id=146896, stack(0x0000000020cf0000,0x0000000020df0000)]
  0x000000001b604000 JavaThread "resolver-2" daemon [_thread_blocked, id=147520, stack(0x0000000020bf0000,0x0000000020cf0000)]
  0x000000001b605800 JavaThread "resolver-1" daemon [_thread_blocked, id=153652, stack(0x0000000020af0000,0x0000000020bf0000)]
  0x000000001a033000 JavaThread "Service Thread" daemon [_thread_blocked, id=155320, stack(0x000000001acc0000,0x000000001adc0000)]
  0x000000001a013000 JavaThread "C1 CompilerThread3" daemon [_thread_blocked, id=160508, stack(0x000000001abc0000,0x000000001acc0000)]
=>0x0000000019fff000 JavaThread "C2 CompilerThread2" daemon [_thread_in_native, id=158056, stack(0x000000001aac0000,0x000000001abc0000)]
  0x0000000019ffa000 JavaThread "C2 CompilerThread1" daemon [_thread_blocked, id=144404, stack(0x000000001a9c0000,0x000000001aac0000)]
  0x0000000019ff8000 JavaThread "C2 CompilerThread0" daemon [_thread_blocked, id=155944, stack(0x000000001a8c0000,0x000000001a9c0000)]
  0x0000000019ff7000 JavaThread "Attach Listener" daemon [_thread_blocked, id=156628, stack(0x000000001a7c0000,0x000000001a8c0000)]
  0x000000001a005800 JavaThread "Signal Dispatcher" daemon [_thread_blocked, id=155924, stack(0x000000001a6c0000,0x000000001a7c0000)]
  0x0000000019ff1800 JavaThread "Finalizer" daemon [_thread_blocked, id=157624, stack(0x000000001a4d0000,0x000000001a5d0000)]
  0x0000000019ff0800 JavaThread "Reference Handler" daemon [_thread_blocked, id=137776, stack(0x000000001a3d0000,0x000000001a4d0000)]
  0x0000000003122800 JavaThread "main" [_thread_in_native, id=157080, stack(0x0000000003020000,0x0000000003120000)]

Other Threads:
  0x00000000181e8800 VMThread [stack: 0x0000000019ed0000,0x0000000019fd0000] [id=157760]
  0x000000001a035000 WatcherThread [stack: 0x000000001adc0000,0x000000001aec0000] [id=139696]

VM state:not at safepoint (normal execution)

VM Mutex/Monitor currently owned by a thread: None

Heap:
 PSYoungGen      total 54784K, used 24003K [0x00000000d5b80000, 0x00000000d9e00000, 0x0000000100000000)
  eden space 42496K, 51% used [0x00000000d5b80000,0x00000000d71087f0,0x00000000d8500000)
  from space 12288K, 15% used [0x00000000d9200000,0x00000000d93e8588,0x00000000d9e00000)
  to   space 12800K, 0% used [0x00000000d8500000,0x00000000d8500000,0x00000000d9180000)
 ParOldGen       total 69632K, used 33829K [0x0000000081200000, 0x0000000085600000, 0x00000000d5b80000)
  object space 69632K, 48% used [0x0000000081200000,0x00000000833097d0,0x0000000085600000)
 Metaspace       used 25120K, capacity 25788K, committed 25984K, reserved 1073152K
  class space    used 2933K, capacity 3147K, committed 3200K, reserved 1048576K

Card table byte_map: [0x00000000125e0000,0x00000000129e0000] byte_map_base: 0x00000000121d7000

Marking Bits: (ParMarkBitMap*) 0x00000000753e3e30
 Begin Bits: [0x0000000013490000, 0x0000000015448000)
 End Bits:   [0x0000000015448000, 0x0000000017400000)

Polling page: 0x0000000001200000

CodeCache: size=245760Kb used=13739Kb max_used=13849Kb free=232020Kb
 bounds [0x0000000003220000, 0x0000000003fd0000, 0x0000000012220000]
 total_blobs=4305 nmethods=3868 adapters=349
 compilation: enabled

Compilation events (10 events):
Event: 39.947 Thread 0x000000001a013000 nmethod 4533 0x00000000033d4310 code [0x00000000033d4480, 0x00000000033d4738]
Event: 39.951 Thread 0x000000001a013000 4534       3       java.util.concurrent.locks.AbstractQueuedSynchronizer::isOnSyncQueue (33 bytes)
Event: 39.951 Thread 0x000000001a013000 nmethod 4534 0x0000000003501090 code [0x0000000003501200, 0x0000000003501590]
Event: 41.095 Thread 0x000000001a013000 4535       1       java.util.concurrent.locks.AbstractOwnableSynchronizer::setExclusiveOwnerThread (6 bytes)
Event: 41.095 Thread 0x000000001a013000 nmethod 4535 0x00000000037e9010 code [0x00000000037e9160, 0x00000000037e9290]
Event: 42.295 Thread 0x000000001a013000 4536       3       java.util.concurrent.ThreadPoolExecutor::workerCountOf (5 bytes)
Event: 42.295 Thread 0x000000001a013000 nmethod 4536 0x0000000003968d90 code [0x0000000003968ee0, 0x0000000003969010]
Event: 42.978 Thread 0x000000001a013000 4537       1       org.apache.maven.surefire.shade.org.apache.maven.shared.utils.cli.AbstractStreamHandler::isDisabled (5 bytes)
Event: 42.978 Thread 0x000000001a013000 nmethod 4537 0x0000000003faba10 code [0x0000000003fabb60, 0x0000000003fabc70]
Event: 42.978 Thread 0x0000000019fff000 4538 % !   4       java.io.BufferedReader::readLine @ 131 (304 bytes)

GC Heap History (10 events):
Event: 23.246 GC heap before
{Heap before GC invocations=11 (full 1):
 PSYoungGen      total 41984K, used 31735K [0x00000000d5b80000, 0x00000000d8f80000, 0x0000000100000000)
  eden space 31744K, 99% used [0x00000000d5b80000,0x00000000d7a7de08,0x00000000d7a80000)
  from space 10240K, 0% used [0x00000000d7b00000,0x00000000d7b00000,0x00000000d8500000)
  to   space 10752K, 0% used [0x00000000d8500000,0x00000000d8500000,0x00000000d8f80000)
 ParOldGen       total 69632K, used 20299K [0x0000000081200000, 0x0000000085600000, 0x00000000d5b80000)
  object space 69632K, 29% used [0x0000000081200000,0x00000000825d2f20,0x0000000085600000)
 Metaspace       used 21260K, capacity 21892K, committed 22192K, reserved 1069056K
  class space    used 2550K, capacity 2728K, committed 2816K, reserved 1048576K
Event: 23.250 GC heap after
Heap after GC invocations=11 (full 1):
 PSYoungGen      total 41472K, used 807K [0x00000000d5b80000, 0x00000000d9e00000, 0x0000000100000000)
  eden space 30720K, 0% used [0x00000000d5b80000,0x00000000d5b80000,0x00000000d7980000)
  from space 10752K, 7% used [0x00000000d8500000,0x00000000d85c9da8,0x00000000d8f80000)
  to   space 11776K, 0% used [0x00000000d7980000,0x00000000d7980000,0x00000000d8500000)
 ParOldGen       total 69632K, used 20307K [0x0000000081200000, 0x0000000085600000, 0x00000000d5b80000)
  object space 69632K, 29% used [0x0000000081200000,0x00000000825d4f20,0x0000000085600000)
 Metaspace       used 21260K, capacity 21892K, committed 22192K, reserved 1069056K
  class space    used 2550K, capacity 2728K, committed 2816K, reserved 1048576K
}
Event: 26.816 GC heap before
{Heap before GC invocations=12 (full 1):
 PSYoungGen      total 41472K, used 31527K [0x00000000d5b80000, 0x00000000d9e00000, 0x0000000100000000)
  eden space 30720K, 100% used [0x00000000d5b80000,0x00000000d7980000,0x00000000d7980000)
  from space 10752K, 7% used [0x00000000d8500000,0x00000000d85c9da8,0x00000000d8f80000)
  to   space 11776K, 0% used [0x00000000d7980000,0x00000000d7980000,0x00000000d8500000)
 ParOldGen       total 69632K, used 20307K [0x0000000081200000, 0x0000000085600000, 0x00000000d5b80000)
  object space 69632K, 29% used [0x0000000081200000,0x00000000825d4f20,0x0000000085600000)
 Metaspace       used 21842K, capacity 22436K, committed 22704K, reserved 1069056K
  class space    used 2597K, capacity 2760K, committed 2816K, reserved 1048576K
Event: 26.825 GC heap after
Heap after GC invocations=12 (full 1):
 PSYoungGen      total 41984K, used 10488K [0x00000000d5b80000, 0x00000000d9100000, 0x0000000100000000)
  eden space 30208K, 0% used [0x00000000d5b80000,0x00000000d5b80000,0x00000000d7900000)
  from space 11776K, 89% used [0x00000000d7980000,0x00000000d83be058,0x00000000d8500000)
  to   space 12288K, 0% used [0x00000000d8500000,0x00000000d8500000,0x00000000d9100000)
 ParOldGen       total 69632K, used 20767K [0x0000000081200000, 0x0000000085600000, 0x00000000d5b80000)
  object space 69632K, 29% used [0x0000000081200000,0x0000000082647c28,0x0000000085600000)
 Metaspace       used 21842K, capacity 22436K, committed 22704K, reserved 1069056K
  class space    used 2597K, capacity 2760K, committed 2816K, reserved 1048576K
}
Event: 27.420 GC heap before
{Heap before GC invocations=13 (full 1):
 PSYoungGen      total 41984K, used 40682K [0x00000000d5b80000, 0x00000000d9100000, 0x0000000100000000)
  eden space 30208K, 99% used [0x00000000d5b80000,0x00000000d78fc9b0,0x00000000d7900000)
  from space 11776K, 89% used [0x00000000d7980000,0x00000000d83be058,0x00000000d8500000)
  to   space 12288K, 0% used [0x00000000d8500000,0x00000000d8500000,0x00000000d9100000)
 ParOldGen       total 69632K, used 20767K [0x0000000081200000, 0x0000000085600000, 0x00000000d5b80000)
  object space 69632K, 29% used [0x0000000081200000,0x0000000082647c28,0x0000000085600000)
 Metaspace       used 23121K, capacity 23786K, committed 24064K, reserved 1071104K
  class space    used 2744K, capacity 2953K, committed 3072K, reserved 1048576K
Event: 27.437 GC heap after
Heap after GC invocations=13 (full 1):
 PSYoungGen      total 41984K, used 2649K [0x00000000d5b80000, 0x00000000da000000, 0x0000000100000000)
  eden space 29696K, 0% used [0x00000000d5b80000,0x00000000d5b80000,0x00000000d7880000)
  from space 12288K, 21% used [0x00000000d8500000,0x00000000d8796530,0x00000000d9100000)
  to   space 12800K, 0% used [0x00000000d7880000,0x00000000d7880000,0x00000000d8500000)
 ParOldGen       total 69632K, used 30262K [0x0000000081200000, 0x0000000085600000, 0x00000000d5b80000)
  object space 69632K, 43% used [0x0000000081200000,0x0000000082f8daa8,0x0000000085600000)
 Metaspace       used 23121K, capacity 23786K, committed 24064K, reserved 1071104K
  class space    used 2744K, capacity 2953K, committed 3072K, reserved 1048576K
}
Event: 29.014 GC heap before
{Heap before GC invocations=14 (full 1):
 PSYoungGen      total 41984K, used 32345K [0x00000000d5b80000, 0x00000000da000000, 0x0000000100000000)
  eden space 29696K, 100% used [0x00000000d5b80000,0x00000000d7880000,0x00000000d7880000)
  from space 12288K, 21% used [0x00000000d8500000,0x00000000d8796530,0x00000000d9100000)
  to   space 12800K, 0% used [0x00000000d7880000,0x00000000d7880000,0x00000000d8500000)
 ParOldGen       total 69632K, used 30262K [0x0000000081200000, 0x0000000085600000, 0x00000000d5b80000)
  object space 69632K, 43% used [0x0000000081200000,0x0000000082f8daa8,0x0000000085600000)
 Metaspace       used 23181K, capacity 23850K, committed 24064K, reserved 1071104K
  class space    used 2746K, capacity 2953K, committed 3072K, reserved 1048576K
Event: 29.024 GC heap after
Heap after GC invocations=14 (full 1):
 PSYoungGen      total 42496K, used 3189K [0x00000000d5b80000, 0x00000000d9e80000, 0x0000000100000000)
  eden space 29696K, 0% used [0x00000000d5b80000,0x00000000d5b80000,0x00000000d7880000)
  from space 12800K, 24% used [0x00000000d7880000,0x00000000d7b9d450,0x00000000d8500000)
  to   space 12800K, 0% used [0x00000000d9200000,0x00000000d9200000,0x00000000d9e80000)
 ParOldGen       total 69632K, used 32254K [0x0000000081200000, 0x0000000085600000, 0x00000000d5b80000)
  object space 69632K, 46% used [0x0000000081200000,0x000000008317fab8,0x0000000085600000)
 Metaspace       used 23181K, capacity 23850K, committed 24064K, reserved 1071104K
  class space    used 2746K, capacity 2953K, committed 3072K, reserved 1048576K
}
Event: 30.828 GC heap before
{Heap before GC invocations=15 (full 1):
 PSYoungGen      total 42496K, used 32885K [0x00000000d5b80000, 0x00000000d9e80000, 0x0000000100000000)
  eden space 29696K, 100% used [0x00000000d5b80000,0x00000000d7880000,0x00000000d7880000)
  from space 12800K, 24% used [0x00000000d7880000,0x00000000d7b9d450,0x00000000d8500000)
  to   space 12800K, 0% used [0x00000000d9200000,0x00000000d9200000,0x00000000d9e80000)
 ParOldGen       total 69632K, used 32254K [0x0000000081200000, 0x0000000085600000, 0x00000000d5b80000)
  object space 69632K, 46% used [0x0000000081200000,0x000000008317fab8,0x0000000085600000)
 Metaspace       used 24281K, capacity 24988K, committed 25088K, reserved 1071104K
  class space    used 2843K, capacity 3051K, committed 3072K, reserved 1048576K
Event: 30.834 GC heap after
Heap after GC invocations=15 (full 1):
 PSYoungGen      total 54784K, used 1953K [0x00000000d5b80000, 0x00000000d9e00000, 0x0000000100000000)
  eden space 42496K, 0% used [0x00000000d5b80000,0x00000000d5b80000,0x00000000d8500000)
  from space 12288K, 15% used [0x00000000d9200000,0x00000000d93e8588,0x00000000d9e00000)
  to   space 12800K, 0% used [0x00000000d8500000,0x00000000d8500000,0x00000000d9180000)
 ParOldGen       total 69632K, used 33829K [0x0000000081200000, 0x0000000085600000, 0x00000000d5b80000)
  object space 69632K, 48% used [0x0000000081200000,0x00000000833097d0,0x0000000085600000)
 Metaspace       used 24281K, capacity 24988K, committed 25088K, reserved 1071104K
  class space    used 2843K, capacity 3051K, committed 3072K, reserved 1048576K
}

Deoptimization events (10 events):
Event: 31.382 Thread 0x0000000003122800 Uncommon trap: reason=class_check action=maybe_recompile pc=0x0000000003337300 method=java.util.Collections$UnmodifiableMap$UnmodifiableEntrySet$UnmodifiableEntry.getValue()Ljava/lang/Object; @ 4
Event: 31.382 Thread 0x0000000003122800 Uncommon trap: reason=class_check action=maybe_recompile pc=0x00000000039b9e8c method=java.util.Collections$UnmodifiableMap$UnmodifiableEntrySet$1.hasNext()Z @ 4
Event: 31.382 Thread 0x0000000003122800 Uncommon trap: reason=class_check action=maybe_recompile pc=0x0000000003a414d0 method=java.util.Collections$UnmodifiableMap$UnmodifiableEntrySet$1.next()Ljava/util/Map$Entry; @ 8
Event: 31.382 Thread 0x0000000003122800 Uncommon trap: reason=class_check action=maybe_recompile pc=0x0000000003a3d240 method=java.util.Collections$UnmodifiableMap$UnmodifiableEntrySet$UnmodifiableEntry.getKey()Ljava/lang/Object; @ 4
Event: 31.382 Thread 0x0000000003122800 Uncommon trap: reason=class_check action=maybe_recompile pc=0x0000000003337300 method=java.util.Collections$UnmodifiableMap$UnmodifiableEntrySet$UnmodifiableEntry.getValue()Ljava/lang/Object; @ 4
Event: 31.382 Thread 0x0000000003122800 Uncommon trap: reason=class_check action=maybe_recompile pc=0x00000000039b9e8c method=java.util.Collections$UnmodifiableMap$UnmodifiableEntrySet$1.hasNext()Z @ 4
Event: 31.382 Thread 0x0000000003122800 Uncommon trap: reason=class_check action=maybe_recompile pc=0x0000000003a414d0 method=java.util.Collections$UnmodifiableMap$UnmodifiableEntrySet$1.next()Ljava/util/Map$Entry; @ 8
Event: 31.382 Thread 0x0000000003122800 Uncommon trap: reason=class_check action=maybe_recompile pc=0x0000000003a3d240 method=java.util.Collections$UnmodifiableMap$UnmodifiableEntrySet$UnmodifiableEntry.getKey()Ljava/lang/Object; @ 4
Event: 31.382 Thread 0x0000000003122800 Uncommon trap: reason=class_check action=maybe_recompile pc=0x0000000003337300 method=java.util.Collections$UnmodifiableMap$UnmodifiableEntrySet$UnmodifiableEntry.getValue()Ljava/lang/Object; @ 4
Event: 31.984 Thread 0x000000001c536000 Uncommon trap: reason=unstable_if action=reinterpret pc=0x0000000003f590cc method=java.io.BufferedReader.readLine(Z)Ljava/lang/String; @ 265

Classes redefined (0 events):
No events

Internal exceptions (10 events):
Event: 8.434 Thread 0x0000000003122800 Implicit null exception at 0x00000000035f4555 to 0x00000000035f4725
Event: 8.434 Thread 0x0000000003122800 Implicit null exception at 0x00000000036a1b6f to 0x00000000036a1bd9
Event: 9.338 Thread 0x0000000003122800 Implicit null exception at 0x0000000003a714a9 to 0x0000000003a729d9
Event: 14.953 Thread 0x0000000003122800 Implicit null exception at 0x0000000003ca4347 to 0x0000000003ca4aa1
Event: 20.418 Thread 0x0000000003122800 Exception <a 'java/lang/ClassNotFoundException': com/sun/tools/javac/api/JavacTool> (0x00000000d5d9d2a0) thrown at [C:\re\workspace\8-2-build-windows-amd64-cygwin\jdk8u191\11896\hotspot\src\share\vm\classfile\systemDictionary.cpp, line 210]
Event: 26.496 Thread 0x0000000003122800 Exception <a 'java/io/FileNotFoundException'> (0x00000000d678e340) thrown at [C:\re\workspace\8-2-build-windows-amd64-cygwin\jdk8u191\11896\hotspot\src\share\vm\prims\jni.cpp, line 709]
Event: 26.564 Thread 0x0000000003122800 Exception <a 'java/io/FileNotFoundException'> (0x00000000d67c3098) thrown at [C:\re\workspace\8-2-build-windows-amd64-cygwin\jdk8u191\11896\hotspot\src\share\vm\prims\jni.cpp, line 709]
Event: 28.803 Thread 0x0000000003122800 Exception <a 'java/io/FileNotFoundException'> (0x00000000d7213b18) thrown at [C:\re\workspace\8-2-build-windows-amd64-cygwin\jdk8u191\11896\hotspot\src\share\vm\prims\jni.cpp, line 709]
Event: 28.804 Thread 0x0000000003122800 Exception <a 'java/io/FileNotFoundException'> (0x00000000d7215618) thrown at [C:\re\workspace\8-2-build-windows-amd64-cygwin\jdk8u191\11896\hotspot\src\share\vm\prims\jni.cpp, line 709]
Event: 30.510 Thread 0x0000000003122800 Exception <a 'java/lang/NoSuchMethodError': org.apache.maven.execution.MavenExecutionRequest.getFailureBehavior()Ljava/lang/String;> (0x00000000d6a75568) thrown at [C:\re\workspace\8-2-build-windows-amd64-cygwin\jdk8u191\11896\hotspot\src\share\vm\interpr

Events (10 events):
Event: 39.946 Thread 0x000000001a013000 flushing nmethod 0x0000000003968d90
Event: 39.946 Thread 0x000000001a013000 flushing nmethod 0x0000000003a59e50
Event: 39.947 Thread 0x000000001a013000 flushing nmethod 0x0000000003b7cbd0
Event: 39.951 Thread 0x000000001a013000 flushing nmethod 0x0000000003c3c350
Event: 42.978 loading class org/apache/maven/plugin/surefire/booterclient/output/InPluginProcessDumpSingleton
Event: 42.978 loading class org/apache/maven/plugin/surefire/booterclient/output/InPluginProcessDumpSingleton done
Event: 42.978 loading class org/apache/maven/plugin/surefire/booterclient/output/InPluginProcessDumpSingleton
Event: 42.978 loading class org/apache/maven/plugin/surefire/booterclient/output/InPluginProcessDumpSingleton done
Event: 42.978 loading class org/apache/maven/plugin/surefire/booterclient/output/InPluginProcessDumpSingleton
Event: 42.978 loading class org/apache/maven/plugin/surefire/booterclient/output/InPluginProcessDumpSingleton done


Dynamic libraries:
0x00007ff6761f0000 - 0x00007ff676227000 	C:\Program Files\Java\jdk1.8.0_191\bin\java.exe
0x00007ffbadc00000 - 0x00007ffbadde1000 	C:\WINDOWS\SYSTEM32\ntdll.dll
0x00007ffbad7d0000 - 0x00007ffbad882000 	C:\WINDOWS\System32\KERNEL32.DLL
0x00007ffbaa0d0000 - 0x00007ffbaa343000 	C:\WINDOWS\System32\KERNELBASE.dll
0x00007ffbad5f0000 - 0x00007ffbad691000 	C:\WINDOWS\System32\ADVAPI32.dll
0x00007ffbad700000 - 0x00007ffbad79e000 	C:\WINDOWS\System32\msvcrt.dll
0x00007ffbad8c0000 - 0x00007ffbad91b000 	C:\WINDOWS\System32\sechost.dll
0x00007ffbac680000 - 0x00007ffbac7a4000 	C:\WINDOWS\System32\RPCRT4.dll
0x00007ffbad460000 - 0x00007ffbad5f0000 	C:\WINDOWS\System32\USER32.dll
0x00007ffbaa620000 - 0x00007ffbaa640000 	C:\WINDOWS\System32\win32u.dll
0x00007ffbad7a0000 - 0x00007ffbad7c8000 	C:\WINDOWS\System32\GDI32.dll
0x00007ffbaa350000 - 0x00007ffbaa4e2000 	C:\WINDOWS\System32\gdi32full.dll
0x00007ffbaa8e0000 - 0x00007ffbaa97f000 	C:\WINDOWS\System32\msvcp_win.dll
0x00007ffba9fd0000 - 0x00007ffbaa0ca000 	C:\WINDOWS\System32\ucrtbase.dll
0x00007ffb9c110000 - 0x00007ffb9c379000 	C:\WINDOWS\WinSxS\amd64_microsoft.windows.common-controls_6595b64144ccf1df_6.0.17134.407_none_fb449d63306391e9\COMCTL32.dll
0x00007ffbad130000 - 0x00007ffbad452000 	C:\WINDOWS\System32\combase.dll
0x00007ffbaa4f0000 - 0x00007ffbaa56a000 	C:\WINDOWS\System32\bcryptPrimitives.dll
0x00007ffbaca00000 - 0x00007ffbaca2d000 	C:\WINDOWS\System32\IMM32.DLL
0x0000000077d30000 - 0x0000000077e02000 	C:\Program Files\Java\jdk1.8.0_191\jre\bin\msvcr100.dll
0x0000000074bc0000 - 0x0000000075464000 	C:\Program Files\Java\jdk1.8.0_191\jre\bin\server\jvm.dll
0x00007ffbad890000 - 0x00007ffbad898000 	C:\WINDOWS\System32\PSAPI.DLL
0x00007ffba6760000 - 0x00007ffba6769000 	C:\WINDOWS\SYSTEM32\WSOCK32.dll
0x00007ffb9f1c0000 - 0x00007ffb9f1e3000 	C:\WINDOWS\SYSTEM32\WINMM.dll
0x00007ffb9f540000 - 0x00007ffb9f54a000 	C:\WINDOWS\SYSTEM32\VERSION.dll
0x00007ffbac990000 - 0x00007ffbac9fc000 	C:\WINDOWS\System32\WS2_32.dll
0x00007ffb9cac0000 - 0x00007ffb9caea000 	C:\WINDOWS\SYSTEM32\WINMMBASE.dll
0x00007ffbaa6a0000 - 0x00007ffbaa6e9000 	C:\WINDOWS\System32\cfgmgr32.dll
0x0000000077d20000 - 0x0000000077d2f000 	C:\Program Files\Java\jdk1.8.0_191\jre\bin\verify.dll
0x0000000077cf0000 - 0x0000000077d19000 	C:\Program Files\Java\jdk1.8.0_191\jre\bin\java.dll
0x0000000077cd0000 - 0x0000000077ce6000 	C:\Program Files\Java\jdk1.8.0_191\jre\bin\zip.dll
0x00007ffbab240000 - 0x00007ffbac67f000 	C:\WINDOWS\System32\SHELL32.dll
0x00007ffbadac0000 - 0x00007ffbadb69000 	C:\WINDOWS\System32\shcore.dll
0x00007ffbaa980000 - 0x00007ffbab08d000 	C:\WINDOWS\System32\windows.storage.dll
0x00007ffbacf50000 - 0x00007ffbacfa1000 	C:\WINDOWS\System32\shlwapi.dll
0x00007ffba9f40000 - 0x00007ffba9f51000 	C:\WINDOWS\System32\kernel.appcore.dll
0x00007ffba9f60000 - 0x00007ffba9f7f000 	C:\WINDOWS\System32\profapi.dll
0x00007ffba9f80000 - 0x00007ffba9fcc000 	C:\WINDOWS\System32\powrprof.dll
0x00007ffba9f30000 - 0x00007ffba9f3a000 	C:\WINDOWS\System32\FLTLIB.DLL
0x00007ffba0fe0000 - 0x00007ffba0fea000 	C:\Program Files\Apache\maven\lib\jansi-native\windows64\jansi.dll
0x0000000077cb0000 - 0x0000000077cca000 	C:\Program Files\Java\jdk1.8.0_191\jre\bin\net.dll
0x00007ffba9790000 - 0x00007ffba97f6000 	C:\WINDOWS\system32\mswsock.dll
0x00000000779e0000 - 0x00000000779f1000 	C:\Program Files\Java\jdk1.8.0_191\jre\bin\nio.dll
0x0000000077940000 - 0x000000007794d000 	C:\Program Files\Java\jdk1.8.0_191\jre\bin\management.dll
0x00007ffb9c3a0000 - 0x00007ffb9c3b6000 	C:\WINDOWS\system32\napinsp.dll
0x00007ffb9ad40000 - 0x00007ffb9ad5a000 	C:\WINDOWS\system32\pnrpnsp.dll
0x00007ffba6600000 - 0x00007ffba6619000 	C:\WINDOWS\system32\NLAapi.dll
0x00007ffba9550000 - 0x00007ffba960e000 	C:\WINDOWS\SYSTEM32\DNSAPI.dll
0x00007ffbab140000 - 0x00007ffbab148000 	C:\WINDOWS\System32\NSI.dll
0x00007ffba9510000 - 0x00007ffba9548000 	C:\WINDOWS\SYSTEM32\IPHLPAPI.DLL
0x00007ffb9ae00000 - 0x00007ffb9ae0e000 	C:\WINDOWS\System32\winrnr.dll
0x00007ffb97480000 - 0x00007ffb97495000 	C:\WINDOWS\System32\wshbth.dll
0x00007ffba3b20000 - 0x00007ffba3b2a000 	C:\Windows\System32\rasadhlp.dll
0x00007ffba3810000 - 0x00007ffba3882000 	C:\WINDOWS\System32\fwpuclnt.dll
0x00007ffba9a70000 - 0x00007ffba9a95000 	C:\WINDOWS\SYSTEM32\bcrypt.dll
0x00007ffba9940000 - 0x00007ffba9957000 	C:\WINDOWS\SYSTEM32\CRYPTSP.dll
0x00007ffba9310000 - 0x00007ffba9343000 	C:\WINDOWS\system32\rsaenh.dll
0x00007ffba9e40000 - 0x00007ffba9e68000 	C:\WINDOWS\SYSTEM32\USERENV.dll
0x00007ffba9960000 - 0x00007ffba996b000 	C:\WINDOWS\SYSTEM32\CRYPTBASE.dll
0x00007ffba5710000 - 0x00007ffba5726000 	C:\WINDOWS\SYSTEM32\dhcpcsvc6.DLL
0x00007ffba6a40000 - 0x00007ffba6a5a000 	C:\WINDOWS\SYSTEM32\dhcpcsvc.DLL

VM Arguments:
jvm_args: -Dclassworlds.conf=C:\Program Files\Apache\maven\bin\..\bin\m2.conf -Dmaven.home=C:\Program Files\Apache\maven\bin\.. -Dlibrary.jansi.path=C:\Program Files\Apache\maven\bin\..\lib\jansi-native -Dmaven.multiModuleProjectDirectory=D:\Project\JAVA\IntelliJ\api 
java_command: org.codehaus.plexus.classworlds.launcher.Launcher clean install
java_class_path (initial): C:\Program Files\Apache\maven\bin\..\boot\plexus-classworlds-2.5.2.jar
Launcher Type: SUN_STANDARD

Environment Variables:
JAVA_HOME=C:\Program Files\Java\jdk1.8.0_191
USERNAME=acerv15
OS=Windows_NT
PROCESSOR_IDENTIFIER=Intel64 Family 6 Model 60 Stepping 3, GenuineIntel



---------------  S Y S T E M  ---------------

OS: Windows 10.0 , 64 bit Build 17134 (10.0.17134.1)

CPU:total 8 (initial active 8) (4 cores per cpu, 2 threads per core) family 6 model 60 stepping 3, cmov, cx8, fxsr, mmx, sse, sse2, sse3, ssse3, sse4.1, sse4.2, popcnt, avx, avx2, aes, clmul, erms, lzcnt, ht, tsc, tscinvbit, bmi1, bmi2

Memory: 4k page, physical 8310040k(1980496k free), swap 11382040k(13936k free)

vm_info: Java HotSpot(TM) 64-Bit Server VM (25.191-b12) for windows-amd64 JRE (1.8.0_191-b12), built on Oct  6 2018 09:29:03 by "java_re" with MS VC++ 10.0 (VS2010)

time: Sun Dec 09 13:45:16 2018
elapsed time: 43 seconds (0d 0h 0m 43s)

