#
# There is insufficient memory for the Java Runtime Environment to continue.
# Native memory allocation (malloc) failed to allocate 1593296 bytes for Chunk::new
# Possible reasons:
#   The system is out of physical RAM or swap space
#   In 32 bit mode, the process size limit was hit
# Possible solutions:
#   Reduce memory load on the system
#   Increase physical memory or swap space
#   Check if swap backing store is full
#   Use 64 bit Java on a 64 bit OS
#   Decrease Java heap size (-Xmx/-Xms)
#   Decrease number of Java threads
#   Decrease Java thread stack sizes (-Xss)
#   Set larger code cache with -XX:ReservedCodeCacheSize=
# This output file may be truncated or incomplete.
#
#  Out of Memory Error (allocation.cpp:390), pid=138992, tid=0x0000000000026640
#
# JRE version: Java(TM) SE Runtime Environment (8.0_191-b12) (build 1.8.0_191-b12)
# Java VM: Java HotSpot(TM) 64-Bit Server VM (25.191-b12 mixed mode windows-amd64 compressed oops)
# Failed to write core dump. Minidumps are not enabled by default on client versions of Windows
#

---------------  T H R E A D  ---------------

Current thread (0x0000000019743800):  JavaThread "C2 CompilerThread2" daemon [_thread_in_native, id=157248, stack(0x000000001a200000,0x000000001a300000)]

Stack: [0x000000001a200000,0x000000001a300000]
[error occurred during error reporting (printing stack bounds), id 0xc0000005]

Native frames: (J=compiled Java code, j=interpreted, Vv=VM code, C=native code)


Current CompileTask:
C2:  11427 4282       4       sun.reflect.generics.parser.SignatureParser::parsePackageNameAndSimpleClassTypeSignature (139 bytes)


---------------  P R O C E S S  ---------------

Java Threads: ( => current thread )
  0x000000001bd82000 JavaThread "HikariPool-1 connection adder" daemon [_thread_blocked, id=156088, stack(0x0000000020240000,0x0000000020340000)]
  0x000000001d670000 JavaThread "HikariPool-1 housekeeper" daemon [_thread_blocked, id=146112, stack(0x0000000020140000,0x0000000020240000)]
  0x000000001aae1800 JavaThread "Abandoned connection cleanup thread" daemon [_thread_blocked, id=140644, stack(0x000000001e620000,0x000000001e720000)]
  0x000000001992d000 JavaThread "surefire-forkedjvm-ping-30s" daemon [_thread_in_native, id=155336, stack(0x000000001a700000,0x000000001a800000)]
  0x000000001989f000 JavaThread "surefire-forkedjvm-command-thread" daemon [_thread_in_native, id=160724, stack(0x000000001a600000,0x000000001a700000)]
  0x00000000197d4800 JavaThread "Service Thread" daemon [_thread_blocked, id=160672, stack(0x000000001a400000,0x000000001a500000)]
  0x000000001974b000 JavaThread "C1 CompilerThread3" daemon [_thread_blocked, id=145360, stack(0x000000001a300000,0x000000001a400000)]
=>0x0000000019743800 JavaThread "C2 CompilerThread2" daemon [_thread_in_native, id=157248, stack(0x000000001a200000,0x000000001a300000)]
  0x0000000019740800 JavaThread "C2 CompilerThread1" daemon [_thread_in_native, id=139028, stack(0x000000001a100000,0x000000001a200000)]
  0x000000001973d800 JavaThread "C2 CompilerThread0" daemon [_thread_in_native, id=146316, stack(0x000000001a000000,0x000000001a100000)]
  0x000000001973a800 JavaThread "Attach Listener" daemon [_thread_blocked, id=147024, stack(0x0000000019f00000,0x000000001a000000)]
  0x0000000019739000 JavaThread "Signal Dispatcher" daemon [_thread_blocked, id=155864, stack(0x0000000019e00000,0x0000000019f00000)]
  0x0000000002969800 JavaThread "Finalizer" daemon [_thread_blocked, id=157752, stack(0x0000000019c10000,0x0000000019d10000)]
  0x0000000002966800 JavaThread "Reference Handler" daemon [_thread_blocked, id=144252, stack(0x0000000019b10000,0x0000000019c10000)]
  0x000000000286e800 JavaThread "main" [_thread_in_vm, id=159572, stack(0x00000000026f0000,0x00000000027f0000)]

Other Threads:
  0x0000000017939800 VMThread [stack: 0x0000000019610000,0x0000000019710000] [id=160440]
  0x000000001976e000 WatcherThread [stack: 0x000000001a500000,0x000000001a600000] [id=156464]

VM state:not at safepoint (normal execution)

VM Mutex/Monitor currently owned by a thread: None

Heap:
 PSYoungGen      total 135680K, used 66029K [0x00000000d5b80000, 0x00000000df780000, 0x0000000100000000)
  eden space 122368K, 46% used [0x00000000d5b80000,0x00000000d92d64e8,0x00000000dd300000)
  from space 13312K, 70% used [0x00000000ddd80000,0x00000000de6a4f98,0x00000000dea80000)
  to   space 11264K, 0% used [0x00000000dec80000,0x00000000dec80000,0x00000000df780000)
 ParOldGen       total 86016K, used 20552K [0x0000000081200000, 0x0000000086600000, 0x00000000d5b80000)
  object space 86016K, 23% used [0x0000000081200000,0x00000000826123b8,0x0000000086600000)
 Metaspace       used 52787K, capacity 55044K, committed 55384K, reserved 1097728K
  class space    used 7304K, capacity 7716K, committed 7768K, reserved 1048576K

Card table byte_map: [0x0000000011d30000,0x0000000012130000] byte_map_base: 0x0000000011927000

Marking Bits: (ParMarkBitMap*) 0x00000000753e3e30
 Begin Bits: [0x0000000012be0000, 0x0000000014b98000)
 End Bits:   [0x0000000014b98000, 0x0000000016b50000)

Polling page: 0x0000000000de0000

CodeCache: size=245760Kb used=15152Kb max_used=15152Kb free=230607Kb
 bounds [0x0000000002970000, 0x0000000003850000, 0x0000000011970000]
 total_blobs=4506 nmethods=3989 adapters=428
 compilation: enabled

Compilation events (10 events):
Event: 11.382 Thread 0x000000001974b000 4420       3       org.springframework.cglib.core.CodeEmitter::athrow (11 bytes)
Event: 11.382 Thread 0x000000001974b000 nmethod 4420 0x0000000003848950 code [0x0000000003848ac0, 0x0000000003848ce8]
Event: 11.382 Thread 0x000000001974b000 4419       1       org.springframework.cglib.core.Block::getStart (5 bytes)
Event: 11.382 Thread 0x000000001974b000 nmethod 4419 0x0000000003848d90 code [0x0000000003848ee0, 0x0000000003848ff0]
Event: 11.390 Thread 0x000000001974b000 4422       3       org.springframework.beans.factory.support.AbstractBeanFactory::getBean (9 bytes)
Event: 11.390 Thread 0x000000001974b000 nmethod 4422 0x0000000003849050 code [0x00000000038491c0, 0x00000000038493e8]
Event: 11.390 Thread 0x000000001974b000 4423       3       java.util.stream.FindOps$FindSink::accept (18 bytes)
Event: 11.390 Thread 0x000000001974b000 nmethod 4423 0x0000000003849490 code [0x00000000038495e0, 0x0000000003849790]
Event: 11.390 Thread 0x000000001974b000 4424       1       java.util.Collections$EmptyMap::isEmpty (2 bytes)
Event: 11.390 Thread 0x000000001974b000 nmethod 4424 0x0000000003849810 code [0x0000000003849960, 0x0000000003849a70]

GC Heap History (10 events):
Event: 6.169 GC heap before
{Heap before GC invocations=9 (full 1):
 PSYoungGen      total 71168K, used 66710K [0x00000000d5b80000, 0x00000000dcb00000, 0x0000000100000000)
  eden space 62976K, 100% used [0x00000000d5b80000,0x00000000d9900000,0x00000000d9900000)
  from space 8192K, 45% used [0x00000000d9900000,0x00000000d9ca5940,0x00000000da100000)
  to   space 8192K, 0% used [0x00000000dc300000,0x00000000dc300000,0x00000000dcb00000)
 ParOldGen       total 53248K, used 6706K [0x0000000081200000, 0x0000000084600000, 0x00000000d5b80000)
  object space 53248K, 12% used [0x0000000081200000,0x000000008188c938,0x0000000084600000)
 Metaspace       used 30039K, capacity 31072K, committed 31360K, reserved 1077248K
  class space    used 3894K, capacity 4154K, committed 4224K, reserved 1048576K
Event: 6.178 GC heap after
Heap after GC invocations=9 (full 1):
 PSYoungGen      total 104960K, used 8179K [0x00000000d5b80000, 0x00000000dd680000, 0x0000000100000000)
  eden space 96768K, 0% used [0x00000000d5b80000,0x00000000d5b80000,0x00000000dba00000)
  from space 8192K, 99% used [0x00000000dc300000,0x00000000dcafcf88,0x00000000dcb00000)
  to   space 9216K, 0% used [0x00000000dba00000,0x00000000dba00000,0x00000000dc300000)
 ParOldGen       total 53248K, used 7307K [0x0000000081200000, 0x0000000084600000, 0x00000000d5b80000)
  object space 53248K, 13% used [0x0000000081200000,0x0000000081922f78,0x0000000084600000)
 Metaspace       used 30039K, capacity 31072K, committed 31360K, reserved 1077248K
  class space    used 3894K, capacity 4154K, committed 4224K, reserved 1048576K
}
Event: 7.238 GC heap before
{Heap before GC invocations=10 (full 1):
 PSYoungGen      total 104960K, used 58604K [0x00000000d5b80000, 0x00000000dd680000, 0x0000000100000000)
  eden space 96768K, 52% used [0x00000000d5b80000,0x00000000d8cbe118,0x00000000dba00000)
  from space 8192K, 99% used [0x00000000dc300000,0x00000000dcafcf88,0x00000000dcb00000)
  to   space 9216K, 0% used [0x00000000dba00000,0x00000000dba00000,0x00000000dc300000)
 ParOldGen       total 53248K, used 7307K [0x0000000081200000, 0x0000000084600000, 0x00000000d5b80000)
  object space 53248K, 13% used [0x0000000081200000,0x0000000081922f78,0x0000000084600000)
 Metaspace       used 34155K, capacity 35364K, committed 35416K, reserved 1079296K
  class space    used 4389K, capacity 4670K, committed 4696K, reserved 1048576K
Event: 7.249 GC heap after
Heap after GC invocations=10 (full 1):
 PSYoungGen      total 105984K, used 9198K [0x00000000d5b80000, 0x00000000df780000, 0x0000000100000000)
  eden space 96768K, 0% used [0x00000000d5b80000,0x00000000d5b80000,0x00000000dba00000)
  from space 9216K, 99% used [0x00000000dba00000,0x00000000dc2fb808,0x00000000dc300000)
  to   space 11264K, 0% used [0x00000000dec80000,0x00000000dec80000,0x00000000df780000)
 ParOldGen       total 53248K, used 9162K [0x0000000081200000, 0x0000000084600000, 0x00000000d5b80000)
  object space 53248K, 17% used [0x0000000081200000,0x0000000081af2b30,0x0000000084600000)
 Metaspace       used 34155K, capacity 35364K, committed 35416K, reserved 1079296K
  class space    used 4389K, capacity 4670K, committed 4696K, reserved 1048576K
}
Event: 7.249 GC heap before
{Heap before GC invocations=11 (full 2):
 PSYoungGen      total 105984K, used 9198K [0x00000000d5b80000, 0x00000000df780000, 0x0000000100000000)
  eden space 96768K, 0% used [0x00000000d5b80000,0x00000000d5b80000,0x00000000dba00000)
  from space 9216K, 99% used [0x00000000dba00000,0x00000000dc2fb808,0x00000000dc300000)
  to   space 11264K, 0% used [0x00000000dec80000,0x00000000dec80000,0x00000000df780000)
 ParOldGen       total 53248K, used 9162K [0x0000000081200000, 0x0000000084600000, 0x00000000d5b80000)
  object space 53248K, 17% used [0x0000000081200000,0x0000000081af2b30,0x0000000084600000)
 Metaspace       used 34155K, capacity 35364K, committed 35416K, reserved 1079296K
  class space    used 4389K, capacity 4670K, committed 4696K, reserved 1048576K
Event: 7.307 GC heap after
Heap after GC invocations=11 (full 2):
 PSYoungGen      total 105984K, used 0K [0x00000000d5b80000, 0x00000000df780000, 0x0000000100000000)
  eden space 96768K, 0% used [0x00000000d5b80000,0x00000000d5b80000,0x00000000dba00000)
  from space 9216K, 0% used [0x00000000dba00000,0x00000000dba00000,0x00000000dc300000)
  to   space 11264K, 0% used [0x00000000dec80000,0x00000000dec80000,0x00000000df780000)
 ParOldGen       total 86016K, used 15453K [0x0000000081200000, 0x0000000086600000, 0x00000000d5b80000)
  object space 86016K, 17% used [0x0000000081200000,0x0000000082117530,0x0000000086600000)
 Metaspace       used 34155K, capacity 35364K, committed 35416K, reserved 1079296K
  class space    used 4389K, capacity 4670K, committed 4696K, reserved 1048576K
}
Event: 9.361 GC heap before
{Heap before GC invocations=12 (full 2):
 PSYoungGen      total 105984K, used 96768K [0x00000000d5b80000, 0x00000000df780000, 0x0000000100000000)
  eden space 96768K, 100% used [0x00000000d5b80000,0x00000000dba00000,0x00000000dba00000)
  from space 9216K, 0% used [0x00000000dba00000,0x00000000dba00000,0x00000000dc300000)
  to   space 11264K, 0% used [0x00000000dec80000,0x00000000dec80000,0x00000000df780000)
 ParOldGen       total 86016K, used 15453K [0x0000000081200000, 0x0000000086600000, 0x00000000d5b80000)
  object space 86016K, 17% used [0x0000000081200000,0x0000000082117530,0x0000000086600000)
 Metaspace       used 45788K, capacity 47160K, committed 47320K, reserved 1089536K
  class space    used 6323K, capacity 6612K, committed 6616K, reserved 1048576K
Event: 9.373 GC heap after
Heap after GC invocations=12 (full 2):
 PSYoungGen      total 133632K, used 11259K [0x00000000d5b80000, 0x00000000df780000, 0x0000000100000000)
  eden space 122368K, 0% used [0x00000000d5b80000,0x00000000d5b80000,0x00000000dd300000)
  from space 11264K, 99% used [0x00000000dec80000,0x00000000df77ec60,0x00000000df780000)
  to   space 13312K, 0% used [0x00000000ddd80000,0x00000000ddd80000,0x00000000dea80000)
 ParOldGen       total 86016K, used 17361K [0x0000000081200000, 0x0000000086600000, 0x00000000d5b80000)
  object space 86016K, 20% used [0x0000000081200000,0x00000000822f47c0,0x0000000086600000)
 Metaspace       used 45788K, capacity 47160K, committed 47320K, reserved 1089536K
  class space    used 6323K, capacity 6612K, committed 6616K, reserved 1048576K
}
Event: 10.913 GC heap before
{Heap before GC invocations=13 (full 2):
 PSYoungGen      total 133632K, used 133627K [0x00000000d5b80000, 0x00000000df780000, 0x0000000100000000)
  eden space 122368K, 100% used [0x00000000d5b80000,0x00000000dd300000,0x00000000dd300000)
  from space 11264K, 99% used [0x00000000dec80000,0x00000000df77ec60,0x00000000df780000)
  to   space 13312K, 0% used [0x00000000ddd80000,0x00000000ddd80000,0x00000000dea80000)
 ParOldGen       total 86016K, used 17361K [0x0000000081200000, 0x0000000086600000, 0x00000000d5b80000)
  object space 86016K, 20% used [0x0000000081200000,0x00000000822f47c0,0x0000000086600000)
 Metaspace       used 51408K, capacity 53558K, committed 53592K, reserved 1095680K
  class space    used 7109K, capacity 7497K, committed 7512K, reserved 1048576K
Event: 10.932 GC heap after
Heap after GC invocations=13 (full 2):
 PSYoungGen      total 135680K, used 9363K [0x00000000d5b80000, 0x00000000df780000, 0x0000000100000000)
  eden space 122368K, 0% used [0x00000000d5b80000,0x00000000d5b80000,0x00000000dd300000)
  from space 13312K, 70% used [0x00000000ddd80000,0x00000000de6a4f98,0x00000000dea80000)
  to   space 11264K, 0% used [0x00000000dec80000,0x00000000dec80000,0x00000000df780000)
 ParOldGen       total 86016K, used 20552K [0x0000000081200000, 0x0000000086600000, 0x00000000d5b80000)
  object space 86016K, 23% used [0x0000000081200000,0x00000000826123b8,0x0000000086600000)
 Metaspace       used 51408K, capacity 53558K, committed 53592K, reserved 1095680K
  class space    used 7109K, capacity 7497K, committed 7512K, reserved 1048576K
}

Deoptimization events (10 events):
Event: 10.759 Thread 0x000000000286e800 Uncommon trap: reason=unstable_if action=reinterpret pc=0x0000000002e4ed70 method=org.springframework.util.Assert.notNull(Ljava/lang/Object;Ljava/lang/String;)V @ 1
Event: 10.891 Thread 0x000000000286e800 Uncommon trap: reason=unstable_if action=reinterpret pc=0x00000000033ed49c method=java.util.concurrent.ConcurrentHashMap.putVal(Ljava/lang/Object;Ljava/lang/Object;Z)Ljava/lang/Object; @ 331
Event: 10.893 Thread 0x000000000286e800 Uncommon trap: reason=unstable_if action=reinterpret pc=0x00000000036bc8ec method=java.util.concurrent.ConcurrentHashMap.get(Ljava/lang/Object;)Ljava/lang/Object; @ 86
Event: 11.043 Thread 0x000000000286e800 Uncommon trap: reason=array_check action=maybe_recompile pc=0x0000000003788cac method=java.util.AbstractCollection.toArray([Ljava/lang/Object;)[Ljava/lang/Object; @ 119
Event: 11.063 Thread 0x000000000286e800 Uncommon trap: reason=array_check action=maybe_recompile pc=0x0000000003788cac method=java.util.AbstractCollection.toArray([Ljava/lang/Object;)[Ljava/lang/Object; @ 119
Event: 11.063 Thread 0x000000000286e800 Uncommon trap: reason=array_check action=maybe_recompile pc=0x0000000003788cac method=java.util.AbstractCollection.toArray([Ljava/lang/Object;)[Ljava/lang/Object; @ 119
Event: 11.063 Thread 0x000000000286e800 Uncommon trap: reason=array_check action=maybe_recompile pc=0x0000000003788cac method=java.util.AbstractCollection.toArray([Ljava/lang/Object;)[Ljava/lang/Object; @ 119
Event: 11.290 Thread 0x000000000286e800 Uncommon trap: reason=unstable_if action=reinterpret pc=0x0000000003710474 method=org.springframework.beans.factory.support.AbstractBeanFactory.isTypeMatch(Ljava/lang/String;Lorg/springframework/core/ResolvableType;)Z @ 26
Event: 11.341 Thread 0x000000000286e800 Uncommon trap: reason=unstable_if action=reinterpret pc=0x0000000002de0998 method=java.util.concurrent.ConcurrentHashMap.transfer([Ljava/util/concurrent/ConcurrentHashMap$Node;[Ljava/util/concurrent/ConcurrentHashMap$Node;)V @ 356
Event: 11.341 Thread 0x000000000286e800 Uncommon trap: reason=unstable_if action=reinterpret pc=0x0000000002d7f908 method=java.util.concurrent.ConcurrentHashMap.transfer([Ljava/util/concurrent/ConcurrentHashMap$Node;[Ljava/util/concurrent/ConcurrentHashMap$Node;)V @ 356

Classes redefined (0 events):
No events

Internal exceptions (10 events):
Event: 11.399 Thread 0x000000000286e800 Exception <a 'java/lang/ClassNotFoundException': org/springframework/context/annotation/ConfigurationClassEnhancer$EnhancedConfigurationCustomizer> (0x00000000d8f909f8) thrown at [C:\re\workspace\8-2-build-windows-amd64-cygwin\jdk8u191\11896\hotspot\src\s
Event: 11.399 Thread 0x000000000286e800 Exception <a 'java/lang/ClassNotFoundException': org/springframework/beans/factory/BeanFactoryAwareCustomizer> (0x00000000d8fa8cb0) thrown at [C:\re\workspace\8-2-build-windows-amd64-cygwin\jdk8u191\11896\hotspot\src\share\vm\classfile\systemDictionary.cp
Event: 11.399 Thread 0x000000000286e800 Exception <a 'java/lang/ClassNotFoundException': org/springframework/beans/factory/AwareCustomizer> (0x00000000d8fbf310) thrown at [C:\re\workspace\8-2-build-windows-amd64-cygwin\jdk8u191\11896\hotspot\src\share\vm\classfile\systemDictionary.cpp, line 210
Event: 11.400 Thread 0x000000000286e800 Exception <a 'java/lang/ClassNotFoundException': java/lang/ObjectCustomizer> (0x00000000d8fcec60) thrown at [C:\re\workspace\8-2-build-windows-amd64-cygwin\jdk8u191\11896\hotspot\src\share\vm\classfile\systemDictionary.cpp, line 210]
Event: 11.400 Thread 0x000000000286e800 Exception <a 'java/lang/ClassNotFoundException': org/springframework/boot/autoconfigure/aop/AopAutoConfigurationCustomizer> (0x00000000d8fedb28) thrown at [C:\re\workspace\8-2-build-windows-amd64-cygwin\jdk8u191\11896\hotspot\src\share\vm\classfile\system
Event: 11.401 Thread 0x000000000286e800 Exception <a 'java/lang/ClassNotFoundException': org/springframework/boot/autoconfigure/aop/AopAutoConfiguration$$EnhancerBySpringCGLIB$$2907981fCustomizer> (0x00000000d9012628) thrown at [C:\re\workspace\8-2-build-windows-amd64-cygwin\jdk8u191\11896\hots
Event: 11.401 Thread 0x000000000286e800 Exception <a 'java/lang/ClassNotFoundException': org/springframework/context/annotation/ConfigurationClassEnhancer$EnhancedConfigurationCustomizer> (0x00000000d9039750) thrown at [C:\re\workspace\8-2-build-windows-amd64-cygwin\jdk8u191\11896\hotspot\src\s
Event: 11.401 Thread 0x000000000286e800 Exception <a 'java/lang/ClassNotFoundException': org/springframework/beans/factory/BeanFactoryAwareCustomizer> (0x00000000d9051a08) thrown at [C:\re\workspace\8-2-build-windows-amd64-cygwin\jdk8u191\11896\hotspot\src\share\vm\classfile\systemDictionary.cp
Event: 11.402 Thread 0x000000000286e800 Exception <a 'java/lang/ClassNotFoundException': org/springframework/beans/factory/AwareCustomizer> (0x00000000d9068068) thrown at [C:\re\workspace\8-2-build-windows-amd64-cygwin\jdk8u191\11896\hotspot\src\share\vm\classfile\systemDictionary.cpp, line 210
Event: 11.403 Thread 0x000000000286e800 Exception <a 'java/lang/ClassNotFoundException': java/lang/ObjectCustomizer> (0x00000000d9077930) thrown at [C:\re\workspace\8-2-build-windows-amd64-cygwin\jdk8u191\11896\hotspot\src\share\vm\classfile\systemDictionary.cpp, line 210]

Events (10 events):
Event: 11.402 loading class org/springframework/beans/factory/AwareCustomizer
Event: 11.402 loading class org/springframework/beans/factory/AwareCustomizer done
Event: 11.402 loading class java/lang/ObjectCustomizer
Event: 11.402 loading class java/lang/ObjectCustomizer done
Event: 11.403 loading class java/lang/ObjectCustomizer
Event: 11.403 loading class java/lang/ObjectCustomizer done
Event: 11.403 loading class org/springframework/boot/autoconfigure/transaction/jta/JtaAutoConfigurationCustomizer
Event: 11.403 loading class org/springframework/boot/autoconfigure/transaction/jta/JtaAutoConfigurationCustomizer done
Event: 11.403 loading class org/springframework/boot/autoconfigure/transaction/jta/JtaAutoConfigurationCustomizer
Event: 11.403 loading class org/springframework/boot/autoconfigure/transaction/jta/JtaAutoConfigurationCustomizer done


Dynamic libraries:
0x00007ff636680000 - 0x00007ff6366b7000 	C:\Program Files\Java\jdk1.8.0_191\jre\bin\java.exe
0x00007ffbadc00000 - 0x00007ffbadde1000 	C:\WINDOWS\SYSTEM32\ntdll.dll
0x00007ffbad7d0000 - 0x00007ffbad882000 	C:\WINDOWS\System32\KERNEL32.DLL
0x00007ffbaa0d0000 - 0x00007ffbaa343000 	C:\WINDOWS\System32\KERNELBASE.dll
0x00007ffbad5f0000 - 0x00007ffbad691000 	C:\WINDOWS\System32\ADVAPI32.dll
0x00007ffbad700000 - 0x00007ffbad79e000 	C:\WINDOWS\System32\msvcrt.dll
0x00007ffbad8c0000 - 0x00007ffbad91b000 	C:\WINDOWS\System32\sechost.dll
0x00007ffbac680000 - 0x00007ffbac7a4000 	C:\WINDOWS\System32\RPCRT4.dll
0x00007ffbad460000 - 0x00007ffbad5f0000 	C:\WINDOWS\System32\USER32.dll
0x00007ffbaa620000 - 0x00007ffbaa640000 	C:\WINDOWS\System32\win32u.dll
0x00007ffbad7a0000 - 0x00007ffbad7c8000 	C:\WINDOWS\System32\GDI32.dll
0x00007ffbaa350000 - 0x00007ffbaa4e2000 	C:\WINDOWS\System32\gdi32full.dll
0x00007ffbaa8e0000 - 0x00007ffbaa97f000 	C:\WINDOWS\System32\msvcp_win.dll
0x00007ffba9fd0000 - 0x00007ffbaa0ca000 	C:\WINDOWS\System32\ucrtbase.dll
0x00007ffb9c110000 - 0x00007ffb9c379000 	C:\WINDOWS\WinSxS\amd64_microsoft.windows.common-controls_6595b64144ccf1df_6.0.17134.407_none_fb449d63306391e9\COMCTL32.dll
0x00007ffbad130000 - 0x00007ffbad452000 	C:\WINDOWS\System32\combase.dll
0x00007ffbaa4f0000 - 0x00007ffbaa56a000 	C:\WINDOWS\System32\bcryptPrimitives.dll
0x00007ffbaca00000 - 0x00007ffbaca2d000 	C:\WINDOWS\System32\IMM32.DLL
0x0000000077d30000 - 0x0000000077e02000 	C:\Program Files\Java\jdk1.8.0_191\jre\bin\msvcr100.dll
0x0000000074bc0000 - 0x0000000075464000 	C:\Program Files\Java\jdk1.8.0_191\jre\bin\server\jvm.dll
0x00007ffbad890000 - 0x00007ffbad898000 	C:\WINDOWS\System32\PSAPI.DLL
0x00007ffba6760000 - 0x00007ffba6769000 	C:\WINDOWS\SYSTEM32\WSOCK32.dll
0x00007ffb9f540000 - 0x00007ffb9f54a000 	C:\WINDOWS\SYSTEM32\VERSION.dll
0x00007ffb9f1c0000 - 0x00007ffb9f1e3000 	C:\WINDOWS\SYSTEM32\WINMM.dll
0x00007ffbac990000 - 0x00007ffbac9fc000 	C:\WINDOWS\System32\WS2_32.dll
0x00007ffb9cac0000 - 0x00007ffb9caea000 	C:\WINDOWS\SYSTEM32\winmmbase.dll
0x00007ffbaa6a0000 - 0x00007ffbaa6e9000 	C:\WINDOWS\System32\cfgmgr32.dll
0x0000000077d20000 - 0x0000000077d2f000 	C:\Program Files\Java\jdk1.8.0_191\jre\bin\verify.dll
0x0000000077cf0000 - 0x0000000077d19000 	C:\Program Files\Java\jdk1.8.0_191\jre\bin\java.dll
0x0000000077cd0000 - 0x0000000077ce6000 	C:\Program Files\Java\jdk1.8.0_191\jre\bin\zip.dll
0x00007ffbab240000 - 0x00007ffbac67f000 	C:\WINDOWS\System32\SHELL32.dll
0x00007ffbadac0000 - 0x00007ffbadb69000 	C:\WINDOWS\System32\shcore.dll
0x00007ffbaa980000 - 0x00007ffbab08d000 	C:\WINDOWS\System32\windows.storage.dll
0x00007ffbacf50000 - 0x00007ffbacfa1000 	C:\WINDOWS\System32\shlwapi.dll
0x00007ffba9f40000 - 0x00007ffba9f51000 	C:\WINDOWS\System32\kernel.appcore.dll
0x00007ffba9f60000 - 0x00007ffba9f7f000 	C:\WINDOWS\System32\profapi.dll
0x00007ffba9f80000 - 0x00007ffba9fcc000 	C:\WINDOWS\System32\powrprof.dll
0x00007ffba9f30000 - 0x00007ffba9f3a000 	C:\WINDOWS\System32\FLTLIB.DLL
0x0000000077940000 - 0x000000007794d000 	C:\Program Files\Java\jdk1.8.0_191\jre\bin\management.dll
0x0000000077cb0000 - 0x0000000077cca000 	C:\Program Files\Java\jdk1.8.0_191\jre\bin\net.dll
0x00007ffba9790000 - 0x00007ffba97f6000 	C:\WINDOWS\system32\mswsock.dll
0x00000000779e0000 - 0x00000000779f1000 	C:\Program Files\Java\jdk1.8.0_191\jre\bin\nio.dll
0x00007ffb9c3a0000 - 0x00007ffb9c3b6000 	C:\WINDOWS\system32\napinsp.dll
0x00007ffb9ad40000 - 0x00007ffb9ad5a000 	C:\WINDOWS\system32\pnrpnsp.dll
0x00007ffba6600000 - 0x00007ffba6619000 	C:\WINDOWS\system32\NLAapi.dll
0x00007ffba9550000 - 0x00007ffba960e000 	C:\WINDOWS\SYSTEM32\DNSAPI.dll
0x00007ffbab140000 - 0x00007ffbab148000 	C:\WINDOWS\System32\NSI.dll
0x00007ffba9510000 - 0x00007ffba9548000 	C:\WINDOWS\SYSTEM32\IPHLPAPI.DLL
0x00007ffb9ae00000 - 0x00007ffb9ae0e000 	C:\WINDOWS\System32\winrnr.dll
0x00007ffb97480000 - 0x00007ffb97495000 	C:\WINDOWS\System32\wshbth.dll
0x00007ffba3b20000 - 0x00007ffba3b2a000 	C:\Windows\System32\rasadhlp.dll
0x00007ffba3810000 - 0x00007ffba3882000 	C:\WINDOWS\System32\fwpuclnt.dll
0x00007ffba9a70000 - 0x00007ffba9a95000 	C:\WINDOWS\SYSTEM32\bcrypt.dll
0x00007ffba9940000 - 0x00007ffba9957000 	C:\WINDOWS\SYSTEM32\CRYPTSP.dll
0x00007ffba9310000 - 0x00007ffba9343000 	C:\WINDOWS\system32\rsaenh.dll
0x00007ffba9e40000 - 0x00007ffba9e68000 	C:\WINDOWS\SYSTEM32\USERENV.dll
0x00007ffba9960000 - 0x00007ffba996b000 	C:\WINDOWS\SYSTEM32\CRYPTBASE.dll
0x00007ffba5710000 - 0x00007ffba5726000 	C:\WINDOWS\SYSTEM32\dhcpcsvc6.DLL
0x00007ffba6a40000 - 0x00007ffba6a5a000 	C:\WINDOWS\SYSTEM32\dhcpcsvc.DLL

VM Arguments:
java_command: C:\Users\acerv15\AppData\Local\Temp\surefire6956795569451333402\surefirebooter976638710379465326.jar C:\Users\acerv15\AppData\Local\Temp\surefire6956795569451333402 2018-12-09T13-45-04_192-jvmRun1 surefire7368127563940763686tmp surefire_08478194432909136067tmp
java_class_path (initial): C:\Users\acerv15\AppData\Local\Temp\surefire6956795569451333402\surefirebooter976638710379465326.jar
Launcher Type: SUN_STANDARD

Environment Variables:
JAVA_HOME=C:\Program Files\Java\jdk1.8.0_191
USERNAME=acerv15
OS=Windows_NT
PROCESSOR_IDENTIFIER=Intel64 Family 6 Model 60 Stepping 3, GenuineIntel



---------------  S Y S T E M  ---------------

OS: Windows 10.0 , 64 bit Build 17134 (10.0.17134.1)

CPU:total 8 (initial active 8) (4 cores per cpu, 2 threads per core) family 6 model 60 stepping 3, cmov, cx8, fxsr, mmx, sse, sse2, sse3, ssse3, sse4.1, sse4.2, popcnt, avx, avx2, aes, clmul, erms, lzcnt, ht, tsc, tscinvbit, bmi1, bmi2

Memory: 4k page, physical 8310040k(1975900k free), swap 11382040k(3076k free)

vm_info: Java HotSpot(TM) 64-Bit Server VM (25.191-b12) for windows-amd64 JRE (1.8.0_191-b12), built on Oct  6 2018 09:29:03 by "java_re" with MS VC++ 10.0 (VS2010)

time: Sun Dec 09 13:45:16 2018
elapsed time: 11 seconds (0d 0h 0m 11s)

