#
# There is insufficient memory for the Java Runtime Environment to continue.
# Native memory allocation (malloc) failed to allocate 1098336 bytes for Chunk::new
# Possible reasons:
#   The system is out of physical RAM or swap space
#   In 32 bit mode, the process size limit was hit
# Possible solutions:
#   Reduce memory load on the system
#   Increase physical memory or swap space
#   Check if swap backing store is full
#   Use 64 bit Java on a 64 bit OS
#   Decrease Java heap size (-Xmx/-Xms)
#   Decrease number of Java threads
#   Decrease Java thread stack sizes (-Xss)
#   Set larger code cache with -XX:ReservedCodeCacheSize=
# This output file may be truncated or incomplete.
#
#  Out of Memory Error (allocation.cpp:390), pid=160028, tid=0x0000000000023a70
#
# JRE version: Java(TM) SE Runtime Environment (8.0_191-b12) (build 1.8.0_191-b12)
# Java VM: Java HotSpot(TM) 64-Bit Server VM (25.191-b12 mixed mode windows-amd64 compressed oops)
# Failed to write core dump. Minidumps are not enabled by default on client versions of Windows
#

---------------  T H R E A D  ---------------

Current thread (0x0000000019e76800):  JavaThread "C2 CompilerThread2" daemon [_thread_in_native, id=146032, stack(0x000000001a930000,0x000000001aa30000)]

Stack: [0x000000001a930000,0x000000001aa30000]
[error occurred during error reporting (printing stack bounds), id 0xc0000005]

Native frames: (J=compiled Java code, j=interpreted, Vv=VM code, C=native code)


Current CompileTask:
C2:   1904 2121   !   4       java.net.URLClassLoader$1::run (63 bytes)


---------------  P R O C E S S  ---------------

Java Threads: ( => current thread )
  0x000000001a06a000 JavaThread "surefire-forkedjvm-ping-30s" daemon [_thread_blocked, id=146316, stack(0x000000001ae30000,0x000000001af30000)]
  0x0000000019fcc800 JavaThread "surefire-forkedjvm-command-thread" daemon [_thread_in_native, id=145704, stack(0x000000001ad30000,0x000000001ae30000)]
  0x0000000019efc800 JavaThread "Service Thread" daemon [_thread_blocked, id=156088, stack(0x000000001ab30000,0x000000001ac30000)]
  0x0000000019e7d800 JavaThread "C1 CompilerThread3" daemon [_thread_in_vm, id=159972, stack(0x000000001aa30000,0x000000001ab30000)]
=>0x0000000019e76800 JavaThread "C2 CompilerThread2" daemon [_thread_in_native, id=146032, stack(0x000000001a930000,0x000000001aa30000)]
  0x0000000019e71800 JavaThread "C2 CompilerThread1" daemon [_thread_in_native, id=139240, stack(0x000000001a830000,0x000000001a930000)]
  0x0000000019e6e000 JavaThread "C2 CompilerThread0" daemon [_thread_blocked, id=157416, stack(0x000000001a730000,0x000000001a830000)]
  0x0000000019e6b800 JavaThread "Attach Listener" daemon [_thread_blocked, id=159692, stack(0x000000001a630000,0x000000001a730000)]
  0x0000000019e6a000 JavaThread "Signal Dispatcher" daemon [_thread_blocked, id=134932, stack(0x000000001a530000,0x000000001a630000)]
  0x0000000019e60800 JavaThread "Finalizer" daemon [_thread_blocked, id=159480, stack(0x000000001a340000,0x000000001a440000)]
  0x0000000003086000 JavaThread "Reference Handler" daemon [_thread_blocked, id=130628, stack(0x000000001a240000,0x000000001a340000)]
  0x0000000002e3e800 JavaThread "main" [_thread_in_Java, id=159896, stack(0x0000000002e90000,0x0000000002f90000)]

Other Threads:
  0x0000000018059800 VMThread [stack: 0x0000000019d40000,0x0000000019e40000] [id=155936]
  0x0000000019f16800 WatcherThread [stack: 0x000000001ac30000,0x000000001ad30000] [id=158024]

VM state:not at safepoint (normal execution)

VM Mutex/Monitor currently owned by a thread:  ([mutex/lock_event])
[0x0000000002e3dcd0] CodeCache_lock - owner thread: 0x0000000000000000

Heap:
 PSYoungGen      total 69120K, used 58387K [0x00000000d5b80000, 0x00000000dd880000, 0x0000000100000000)
  eden space 64000K, 83% used [0x00000000d5b80000,0x00000000d8f8a600,0x00000000d9a00000)
  from space 5120K, 99% used [0x00000000da180000,0x00000000da67a708,0x00000000da680000)
  to   space 7680K, 0% used [0x00000000d9a00000,0x00000000d9a00000,0x00000000da180000)
 ParOldGen       total 51200K, used 6124K [0x0000000081200000, 0x0000000084400000, 0x00000000d5b80000)
  object space 51200K, 11% used [0x0000000081200000,0x00000000817fb198,0x0000000084400000)
 Metaspace       used 27428K, capacity 28250K, committed 28416K, reserved 1073152K
  class space    used 3551K, capacity 3759K, committed 3840K, reserved 1048576K

Card table byte_map: [0x0000000012450000,0x0000000012850000] byte_map_base: 0x0000000012047000

Marking Bits: (ParMarkBitMap*) 0x00000000753e3e30
 Begin Bits: [0x0000000013300000, 0x00000000152b8000)
 End Bits:   [0x00000000152b8000, 0x0000000017270000)

Polling page: 0x0000000000bf0000

CodeCache: size=245760Kb used=7870Kb max_used=7870Kb free=237889Kb
 bounds [0x0000000003090000, 0x0000000003850000, 0x0000000012090000]
 total_blobs=2623 nmethods=2219 adapters=316
 compilation: enabled

Compilation events (10 events):
Event: 1.890 Thread 0x0000000019e7d800 2214       3       org.springframework.util.ConcurrentReferenceHashMap$Segment::access$508 (12 bytes)
Event: 1.890 Thread 0x0000000019e7d800 nmethod 2214 0x0000000003841fd0 code [0x0000000003842120, 0x0000000003842270]
Event: 1.894 Thread 0x0000000019e7d800 2215       3       java.lang.StringBuilder::<init> (6 bytes)
Event: 1.894 Thread 0x0000000019e7d800 nmethod 2215 0x000000000382f7d0 code [0x000000000382f940, 0x000000000382fbf0]
Event: 1.895 Thread 0x0000000019e7d800 2216       3       java.lang.invoke.ConstantCallSite::getTarget (20 bytes)
Event: 1.895 Thread 0x0000000019e7d800 nmethod 2216 0x000000000382f350 code [0x000000000382f4c0, 0x000000000382f708]
Event: 1.899 Thread 0x0000000019e7d800 2218       3       java.lang.invoke.LambdaForm::returnType (26 bytes)
Event: 1.899 Thread 0x0000000019e7d800 nmethod 2218 0x000000000382ef10 code [0x000000000382f080, 0x000000000382f250]
Event: 1.901 Thread 0x0000000019e7d800 2219       3       jdk.internal.org.objectweb.asm.ClassWriter::newFieldItem (77 bytes)
Event: 1.902 Thread 0x0000000019e7d800 nmethod 2219 0x000000000382e310 code [0x000000000382e500, 0x000000000382eaf8]

GC Heap History (10 events):
Event: 1.124 GC heap before
{Heap before GC invocations=3 (full 0):
 PSYoungGen      total 38400K, used 38385K [0x00000000d5b80000, 0x00000000da680000, 0x0000000100000000)
  eden space 33280K, 100% used [0x00000000d5b80000,0x00000000d7c00000,0x00000000d7c00000)
  from space 5120K, 99% used [0x00000000d8100000,0x00000000d85fc698,0x00000000d8600000)
  to   space 5120K, 0% used [0x00000000d7c00000,0x00000000d7c00000,0x00000000d8100000)
 ParOldGen       total 87552K, used 389K [0x0000000081200000, 0x0000000086780000, 0x00000000d5b80000)
  object space 87552K, 0% used [0x0000000081200000,0x0000000081261710,0x0000000086780000)
 Metaspace       used 16149K, capacity 16632K, committed 16896K, reserved 1064960K
  class space    used 2103K, capacity 2236K, committed 2304K, reserved 1048576K
Event: 1.129 GC heap after
Heap after GC invocations=3 (full 0):
 PSYoungGen      total 38400K, used 5092K [0x00000000d5b80000, 0x00000000da680000, 0x0000000100000000)
  eden space 33280K, 0% used [0x00000000d5b80000,0x00000000d5b80000,0x00000000d7c00000)
  from space 5120K, 99% used [0x00000000d7c00000,0x00000000d80f93c8,0x00000000d8100000)
  to   space 5120K, 0% used [0x00000000da180000,0x00000000da180000,0x00000000da680000)
 ParOldGen       total 87552K, used 1103K [0x0000000081200000, 0x0000000086780000, 0x00000000d5b80000)
  object space 87552K, 1% used [0x0000000081200000,0x0000000081313ea0,0x0000000086780000)
 Metaspace       used 16149K, capacity 16632K, committed 16896K, reserved 1064960K
  class space    used 2103K, capacity 2236K, committed 2304K, reserved 1048576K
}
Event: 1.265 GC heap before
{Heap before GC invocations=4 (full 0):
 PSYoungGen      total 38400K, used 38372K [0x00000000d5b80000, 0x00000000da680000, 0x0000000100000000)
  eden space 33280K, 100% used [0x00000000d5b80000,0x00000000d7c00000,0x00000000d7c00000)
  from space 5120K, 99% used [0x00000000d7c00000,0x00000000d80f93c8,0x00000000d8100000)
  to   space 5120K, 0% used [0x00000000da180000,0x00000000da180000,0x00000000da680000)
 ParOldGen       total 87552K, used 1103K [0x0000000081200000, 0x0000000086780000, 0x00000000d5b80000)
  object space 87552K, 1% used [0x0000000081200000,0x0000000081313ea0,0x0000000086780000)
 Metaspace       used 19605K, capacity 20078K, committed 20480K, reserved 1067008K
  class space    used 2553K, capacity 2697K, committed 2816K, reserved 1048576K
Event: 1.271 GC heap after
Heap after GC invocations=4 (full 0):
 PSYoungGen      total 71680K, used 5113K [0x00000000d5b80000, 0x00000000da680000, 0x0000000100000000)
  eden space 66560K, 0% used [0x00000000d5b80000,0x00000000d5b80000,0x00000000d9c80000)
  from space 5120K, 99% used [0x00000000da180000,0x00000000da67e638,0x00000000da680000)
  to   space 5120K, 0% used [0x00000000d9c80000,0x00000000d9c80000,0x00000000da180000)
 ParOldGen       total 87552K, used 3538K [0x0000000081200000, 0x0000000086780000, 0x00000000d5b80000)
  object space 87552K, 4% used [0x0000000081200000,0x0000000081574818,0x0000000086780000)
 Metaspace       used 19605K, capacity 20078K, committed 20480K, reserved 1067008K
  class space    used 2553K, capacity 2697K, committed 2816K, reserved 1048576K
}
Event: 1.311 GC heap before
{Heap before GC invocations=5 (full 0):
 PSYoungGen      total 71680K, used 14192K [0x00000000d5b80000, 0x00000000da680000, 0x0000000100000000)
  eden space 66560K, 13% used [0x00000000d5b80000,0x00000000d645db28,0x00000000d9c80000)
  from space 5120K, 99% used [0x00000000da180000,0x00000000da67e638,0x00000000da680000)
  to   space 5120K, 0% used [0x00000000d9c80000,0x00000000d9c80000,0x00000000da180000)
 ParOldGen       total 87552K, used 3538K [0x0000000081200000, 0x0000000086780000, 0x00000000d5b80000)
  object space 87552K, 4% used [0x0000000081200000,0x0000000081574818,0x0000000086780000)
 Metaspace       used 20680K, capacity 21146K, committed 21248K, reserved 1067008K
  class space    used 2658K, capacity 2795K, committed 2816K, reserved 1048576K
Event: 1.316 GC heap after
Heap after GC invocations=5 (full 0):
 PSYoungGen      total 71680K, used 5091K [0x00000000d5b80000, 0x00000000da680000, 0x0000000100000000)
  eden space 66560K, 0% used [0x00000000d5b80000,0x00000000d5b80000,0x00000000d9c80000)
  from space 5120K, 99% used [0x00000000d9c80000,0x00000000da178c68,0x00000000da180000)
  to   space 5120K, 0% used [0x00000000da180000,0x00000000da180000,0x00000000da680000)
 ParOldGen       total 87552K, used 4284K [0x0000000081200000, 0x0000000086780000, 0x00000000d5b80000)
  object space 87552K, 4% used [0x0000000081200000,0x000000008162f168,0x0000000086780000)
 Metaspace       used 20680K, capacity 21146K, committed 21248K, reserved 1067008K
  class space    used 2658K, capacity 2795K, committed 2816K, reserved 1048576K
}
Event: 1.316 GC heap before
{Heap before GC invocations=6 (full 1):
 PSYoungGen      total 71680K, used 5091K [0x00000000d5b80000, 0x00000000da680000, 0x0000000100000000)
  eden space 66560K, 0% used [0x00000000d5b80000,0x00000000d5b80000,0x00000000d9c80000)
  from space 5120K, 99% used [0x00000000d9c80000,0x00000000da178c68,0x00000000da180000)
  to   space 5120K, 0% used [0x00000000da180000,0x00000000da180000,0x00000000da680000)
 ParOldGen       total 87552K, used 4284K [0x0000000081200000, 0x0000000086780000, 0x00000000d5b80000)
  object space 87552K, 4% used [0x0000000081200000,0x000000008162f168,0x0000000086780000)
 Metaspace       used 20680K, capacity 21146K, committed 21248K, reserved 1067008K
  class space    used 2658K, capacity 2795K, committed 2816K, reserved 1048576K
Event: 1.338 GC heap after
Heap after GC invocations=6 (full 1):
 PSYoungGen      total 71680K, used 0K [0x00000000d5b80000, 0x00000000da680000, 0x0000000100000000)
  eden space 66560K, 0% used [0x00000000d5b80000,0x00000000d5b80000,0x00000000d9c80000)
  from space 5120K, 0% used [0x00000000d9c80000,0x00000000d9c80000,0x00000000da180000)
  to   space 5120K, 0% used [0x00000000da180000,0x00000000da180000,0x00000000da680000)
 ParOldGen       total 51200K, used 5675K [0x0000000081200000, 0x0000000084400000, 0x00000000d5b80000)
  object space 51200K, 11% used [0x0000000081200000,0x000000008178acc0,0x0000000084400000)
 Metaspace       used 20680K, capacity 21146K, committed 21248K, reserved 1067008K
  class space    used 2658K, capacity 2795K, committed 2816K, reserved 1048576K
}
Event: 1.591 GC heap before
{Heap before GC invocations=7 (full 1):
 PSYoungGen      total 71680K, used 66524K [0x00000000d5b80000, 0x00000000da680000, 0x0000000100000000)
  eden space 66560K, 99% used [0x00000000d5b80000,0x00000000d9c77090,0x00000000d9c80000)
  from space 5120K, 0% used [0x00000000d9c80000,0x00000000d9c80000,0x00000000da180000)
  to   space 5120K, 0% used [0x00000000da180000,0x00000000da180000,0x00000000da680000)
 ParOldGen       total 51200K, used 5675K [0x0000000081200000, 0x0000000084400000, 0x00000000d5b80000)
  object space 51200K, 11% used [0x0000000081200000,0x000000008178acc0,0x0000000084400000)
 Metaspace       used 24675K, capacity 25296K, committed 25472K, reserved 1071104K
  class space    used 3191K, capacity 3344K, committed 3456K, reserved 1048576K
Event: 1.596 GC heap after
Heap after GC invocations=7 (full 1):
 PSYoungGen      total 69120K, used 5097K [0x00000000d5b80000, 0x00000000dd880000, 0x0000000100000000)
  eden space 64000K, 0% used [0x00000000d5b80000,0x00000000d5b80000,0x00000000d9a00000)
  from space 5120K, 99% used [0x00000000da180000,0x00000000da67a708,0x00000000da680000)
  to   space 7680K, 0% used [0x00000000d9a00000,0x00000000d9a00000,0x00000000da180000)
 ParOldGen       total 51200K, used 6124K [0x0000000081200000, 0x0000000084400000, 0x00000000d5b80000)
  object space 51200K, 11% used [0x0000000081200000,0x00000000817fb198,0x0000000084400000)
 Metaspace       used 24675K, capacity 25296K, committed 25472K, reserved 1071104K
  class space    used 3191K, capacity 3344K, committed 3456K, reserved 1048576K
}

Deoptimization events (10 events):
Event: 0.615 Thread 0x0000000002e3e800 Uncommon trap: reason=unstable_if action=reinterpret pc=0x00000000032591ec method=java.lang.String.indexOf([CII[CIII)I @ 3
Event: 0.676 Thread 0x0000000002e3e800 Uncommon trap: reason=unstable_if action=reinterpret pc=0x000000000338a7c4 method=java.util.Properties$LineReader.readLine()I @ 105
Event: 0.698 Thread 0x0000000002e3e800 Uncommon trap: reason=range_check action=make_not_entrant pc=0x00000000033673a0 method=sun.reflect.generics.parser.SignatureParser.current()C @ 34
Event: 0.966 Thread 0x0000000002e3e800 Uncommon trap: reason=unstable_if action=reinterpret pc=0x0000000003373da8 method=java.util.HashMap.hash(Ljava/lang/Object;)I @ 1
Event: 1.082 Thread 0x0000000002e3e800 Uncommon trap: reason=unstable_if action=reinterpret pc=0x000000000347e920 method=java.net.URL.<init>(Ljava/net/URL;Ljava/lang/String;Ljava/net/URLStreamHandler;)V @ 347
Event: 1.165 Thread 0x0000000002e3e800 Uncommon trap: reason=unstable_if action=reinterpret pc=0x000000000339337c method=java.util.HashMap.hash(Ljava/lang/Object;)I @ 1
Event: 1.354 Thread 0x000000001a06a000 Uncommon trap: reason=unstable_if action=reinterpret pc=0x00000000035512f4 method=java.io.WinNTFileSystem.prefixLength(Ljava/lang/String;)I @ 68
Event: 1.482 Thread 0x000000001bec7800 Uncommon trap: reason=unstable_if action=reinterpret pc=0x000000000351e868 method=jdk.internal.org.objectweb.asm.Type.getArgumentsAndReturnSizes(Ljava/lang/String;)I @ 47
Event: 1.657 Thread 0x000000001bec7800 Uncommon trap: reason=unstable_if action=reinterpret pc=0x00000000036e65dc method=com.sun.org.apache.xerces.internal.impl.XMLEntityScanner.skipSpaces()Z @ 125
Event: 1.676 Thread 0x000000001bec7800 Uncommon trap: reason=unstable_if action=reinterpret pc=0x00000000036f7288 method=com.sun.org.apache.xerces.internal.util.SymbolTable.addSymbol([CII)Ljava/lang/String; @ 38

Classes redefined (0 events):
No events

Internal exceptions (10 events):
Event: 1.249 Thread 0x0000000002e3e800 Exception <a 'java/lang/ClassNotFoundException': org/springframework/core/PriorityOrderedCustomizer> (0x00000000d776d400) thrown at [C:\re\workspace\8-2-build-windows-amd64-cygwin\jdk8u191\11896\hotspot\src\share\vm\classfile\systemDictionary.cpp, line 21
Event: 1.249 Thread 0x0000000002e3e800 Exception <a 'java/lang/ClassNotFoundException': org/springframework/core/OrderedCustomizer> (0x00000000d77802b8) thrown at [C:\re\workspace\8-2-build-windows-amd64-cygwin\jdk8u191\11896\hotspot\src\share\vm\classfile\systemDictionary.cpp, line 210]
Event: 1.249 Thread 0x0000000002e3e800 Exception <a 'java/lang/ClassNotFoundException': org/springframework/context/ResourceLoaderAwareCustomizer> (0x00000000d77d62b8) thrown at [C:\re\workspace\8-2-build-windows-amd64-cygwin\jdk8u191\11896\hotspot\src\share\vm\classfile\systemDictionary.cpp, 
Event: 1.249 Thread 0x0000000002e3e800 Exception <a 'java/lang/ClassNotFoundException': org/springframework/beans/factory/AwareCustomizer> (0x00000000d77ec4d8) thrown at [C:\re\workspace\8-2-build-windows-amd64-cygwin\jdk8u191\11896\hotspot\src\share\vm\classfile\systemDictionary.cpp, line 210
Event: 1.250 Thread 0x0000000002e3e800 Exception <a 'java/lang/ClassNotFoundException': org/springframework/beans/factory/BeanClassLoaderAwareCustomizer> (0x00000000d7805a48) thrown at [C:\re\workspace\8-2-build-windows-amd64-cygwin\jdk8u191\11896\hotspot\src\share\vm\classfile\systemDictionar
Event: 1.250 Thread 0x0000000002e3e800 Exception <a 'java/lang/ClassNotFoundException': org/springframework/beans/factory/AwareCustomizer> (0x00000000d781bc80) thrown at [C:\re\workspace\8-2-build-windows-amd64-cygwin\jdk8u191\11896\hotspot\src\share\vm\classfile\systemDictionary.cpp, line 210
Event: 1.250 Thread 0x0000000002e3e800 Exception <a 'java/lang/ClassNotFoundException': org/springframework/context/EnvironmentAwareCustomizer> (0x00000000d78323c0) thrown at [C:\re\workspace\8-2-build-windows-amd64-cygwin\jdk8u191\11896\hotspot\src\share\vm\classfile\systemDictionary.cpp, lin
Event: 1.251 Thread 0x0000000002e3e800 Exception <a 'java/lang/ClassNotFoundException': org/springframework/beans/factory/AwareCustomizer> (0x00000000d78a6fd0) thrown at [C:\re\workspace\8-2-build-windows-amd64-cygwin\jdk8u191\11896\hotspot\src\share\vm\classfile\systemDictionary.cpp, line 210
Event: 1.398 Thread 0x0000000002e3e800 Exception <a 'java/lang/IncompatibleClassChangeError': Found class java.lang.Object, but interface was expected> (0x00000000d6b81e30) thrown at [C:\re\workspace\8-2-build-windows-amd64-cygwin\jdk8u191\11896\hotspot\src\share\vm\interpreter\linkResolver.cp
Event: 1.486 Thread 0x000000001bec7800 Exception <a 'java/lang/IncompatibleClassChangeError': Found class java.lang.Object, but interface was expected> (0x00000000d7a8e910) thrown at [C:\re\workspace\8-2-build-windows-amd64-cygwin\jdk8u191\11896\hotspot\src\share\vm\interpreter\linkResolver.cp

Events (10 events):
Event: 1.902 loading class java/util/stream/StreamSpliterators$WrappingSpliterator
Event: 1.902 loading class java/util/stream/StreamSpliterators$AbstractWrappingSpliterator
Event: 1.902 loading class java/util/stream/StreamSpliterators$AbstractWrappingSpliterator done
Event: 1.902 loading class java/util/stream/StreamSpliterators$WrappingSpliterator done
Event: 1.902 loading class java/util/Spliterators$1Adapter
Event: 1.902 loading class java/util/Spliterators$1Adapter done
Event: 1.902 loading class java/util/function/BooleanSupplier
Event: 1.902 loading class java/util/function/BooleanSupplier done
Event: 1.902 loading class org/springframework/data/repository/config/RepositoryComponentProvider$InterfaceTypeFilter
Event: 1.902 loading class org/springframework/data/repository/config/RepositoryComponentProvider$InterfaceTypeFilter done


Dynamic libraries:
0x00007ff636680000 - 0x00007ff6366b7000 	C:\Program Files\Java\jdk1.8.0_191\jre\bin\java.exe
0x00007ffbadc00000 - 0x00007ffbadde1000 	C:\WINDOWS\SYSTEM32\ntdll.dll
0x00007ffbad7d0000 - 0x00007ffbad882000 	C:\WINDOWS\System32\KERNEL32.DLL
0x00007ffbaa0d0000 - 0x00007ffbaa343000 	C:\WINDOWS\System32\KERNELBASE.dll
0x00007ffbad5f0000 - 0x00007ffbad691000 	C:\WINDOWS\System32\ADVAPI32.dll
0x00007ffbad700000 - 0x00007ffbad79e000 	C:\WINDOWS\System32\msvcrt.dll
0x00007ffbad8c0000 - 0x00007ffbad91b000 	C:\WINDOWS\System32\sechost.dll
0x00007ffbac680000 - 0x00007ffbac7a4000 	C:\WINDOWS\System32\RPCRT4.dll
0x00007ffbad460000 - 0x00007ffbad5f0000 	C:\WINDOWS\System32\USER32.dll
0x00007ffbaa620000 - 0x00007ffbaa640000 	C:\WINDOWS\System32\win32u.dll
0x00007ffbad7a0000 - 0x00007ffbad7c8000 	C:\WINDOWS\System32\GDI32.dll
0x00007ffbaa350000 - 0x00007ffbaa4e2000 	C:\WINDOWS\System32\gdi32full.dll
0x00007ffbaa8e0000 - 0x00007ffbaa97f000 	C:\WINDOWS\System32\msvcp_win.dll
0x00007ffba9fd0000 - 0x00007ffbaa0ca000 	C:\WINDOWS\System32\ucrtbase.dll
0x00007ffb9c110000 - 0x00007ffb9c379000 	C:\WINDOWS\WinSxS\amd64_microsoft.windows.common-controls_6595b64144ccf1df_6.0.17134.407_none_fb449d63306391e9\COMCTL32.dll
0x00007ffbad130000 - 0x00007ffbad452000 	C:\WINDOWS\System32\combase.dll
0x00007ffbaa4f0000 - 0x00007ffbaa56a000 	C:\WINDOWS\System32\bcryptPrimitives.dll
0x00007ffbaca00000 - 0x00007ffbaca2d000 	C:\WINDOWS\System32\IMM32.DLL
0x0000000077d30000 - 0x0000000077e02000 	C:\Program Files\Java\jdk1.8.0_191\jre\bin\msvcr100.dll
0x0000000074bc0000 - 0x0000000075464000 	C:\Program Files\Java\jdk1.8.0_191\jre\bin\server\jvm.dll
0x00007ffbad890000 - 0x00007ffbad898000 	C:\WINDOWS\System32\PSAPI.DLL
0x00007ffba6760000 - 0x00007ffba6769000 	C:\WINDOWS\SYSTEM32\WSOCK32.dll
0x00007ffb9f1c0000 - 0x00007ffb9f1e3000 	C:\WINDOWS\SYSTEM32\WINMM.dll
0x00007ffb9f540000 - 0x00007ffb9f54a000 	C:\WINDOWS\SYSTEM32\VERSION.dll
0x00007ffbac990000 - 0x00007ffbac9fc000 	C:\WINDOWS\System32\WS2_32.dll
0x00007ffb9cac0000 - 0x00007ffb9caea000 	C:\WINDOWS\SYSTEM32\WINMMBASE.dll
0x00007ffbaa6a0000 - 0x00007ffbaa6e9000 	C:\WINDOWS\System32\cfgmgr32.dll
0x0000000077d20000 - 0x0000000077d2f000 	C:\Program Files\Java\jdk1.8.0_191\jre\bin\verify.dll
0x0000000077cf0000 - 0x0000000077d19000 	C:\Program Files\Java\jdk1.8.0_191\jre\bin\java.dll
0x0000000077cd0000 - 0x0000000077ce6000 	C:\Program Files\Java\jdk1.8.0_191\jre\bin\zip.dll
0x00007ffbab240000 - 0x00007ffbac67f000 	C:\WINDOWS\System32\SHELL32.dll
0x00007ffbadac0000 - 0x00007ffbadb69000 	C:\WINDOWS\System32\shcore.dll
0x00007ffbaa980000 - 0x00007ffbab08d000 	C:\WINDOWS\System32\windows.storage.dll
0x00007ffbacf50000 - 0x00007ffbacfa1000 	C:\WINDOWS\System32\shlwapi.dll
0x00007ffba9f40000 - 0x00007ffba9f51000 	C:\WINDOWS\System32\kernel.appcore.dll
0x00007ffba9f60000 - 0x00007ffba9f7f000 	C:\WINDOWS\System32\profapi.dll
0x00007ffba9f80000 - 0x00007ffba9fcc000 	C:\WINDOWS\System32\powrprof.dll
0x00007ffba9f30000 - 0x00007ffba9f3a000 	C:\WINDOWS\System32\FLTLIB.DLL
0x00000000779e0000 - 0x00000000779ed000 	C:\Program Files\Java\jdk1.8.0_191\jre\bin\management.dll
0x0000000077cb0000 - 0x0000000077cca000 	C:\Program Files\Java\jdk1.8.0_191\jre\bin\net.dll
0x00007ffba9790000 - 0x00007ffba97f6000 	C:\WINDOWS\system32\mswsock.dll
0x00000000779f0000 - 0x0000000077a01000 	C:\Program Files\Java\jdk1.8.0_191\jre\bin\nio.dll
0x00007ffb9c3a0000 - 0x00007ffb9c3b6000 	C:\WINDOWS\system32\napinsp.dll
0x00007ffb9ad40000 - 0x00007ffb9ad5a000 	C:\WINDOWS\system32\pnrpnsp.dll
0x00007ffba6600000 - 0x00007ffba6619000 	C:\WINDOWS\system32\NLAapi.dll
0x00007ffba9550000 - 0x00007ffba960e000 	C:\WINDOWS\SYSTEM32\DNSAPI.dll
0x00007ffbab140000 - 0x00007ffbab148000 	C:\WINDOWS\System32\NSI.dll
0x00007ffba9510000 - 0x00007ffba9548000 	C:\WINDOWS\SYSTEM32\IPHLPAPI.DLL
0x00007ffb9ae00000 - 0x00007ffb9ae0e000 	C:\WINDOWS\System32\winrnr.dll
0x00007ffb97480000 - 0x00007ffb97495000 	C:\WINDOWS\System32\wshbth.dll
0x00007ffba3b20000 - 0x00007ffba3b2a000 	C:\Windows\System32\rasadhlp.dll
0x00007ffba3810000 - 0x00007ffba3882000 	C:\WINDOWS\System32\fwpuclnt.dll
0x00007ffba9a70000 - 0x00007ffba9a95000 	C:\WINDOWS\SYSTEM32\bcrypt.dll

VM Arguments:
java_command: C:\Users\acerv15\AppData\Local\Temp\surefire8904550503616902580\surefirebooter8343243566401505139.jar C:\Users\acerv15\AppData\Local\Temp\surefire8904550503616902580 2018-12-09T13-48-29_507-jvmRun1 surefire4959336383151811962tmp surefire_03728301133209294669tmp
java_class_path (initial): C:\Users\acerv15\AppData\Local\Temp\surefire8904550503616902580\surefirebooter8343243566401505139.jar
Launcher Type: SUN_STANDARD

Environment Variables:
JAVA_HOME=C:\Program Files\Java\jdk1.8.0_191
USERNAME=acerv15
OS=Windows_NT
PROCESSOR_IDENTIFIER=Intel64 Family 6 Model 60 Stepping 3, GenuineIntel



---------------  S Y S T E M  ---------------

OS: Windows 10.0 , 64 bit Build 17134 (10.0.17134.1)

CPU:total 8 (initial active 8) (4 cores per cpu, 2 threads per core) family 6 model 60 stepping 3, cmov, cx8, fxsr, mmx, sse, sse2, sse3, ssse3, sse4.1, sse4.2, popcnt, avx, avx2, aes, clmul, erms, lzcnt, ht, tsc, tscinvbit, bmi1, bmi2

Memory: 4k page, physical 8310040k(2244772k free), swap 11382040k(5444k free)

vm_info: Java HotSpot(TM) 64-Bit Server VM (25.191-b12) for windows-amd64 JRE (1.8.0_191-b12), built on Oct  6 2018 09:29:03 by "java_re" with MS VC++ 10.0 (VS2010)

time: Sun Dec 09 13:48:31 2018
elapsed time: 1 seconds (0d 0h 0m 1s)

