#
# There is insufficient memory for the Java Runtime Environment to continue.
# Native memory allocation (malloc) failed to allocate 2095088 bytes for Chunk::new
# Possible reasons:
#   The system is out of physical RAM or swap space
#   In 32 bit mode, the process size limit was hit
# Possible solutions:
#   Reduce memory load on the system
#   Increase physical memory or swap space
#   Check if swap backing store is full
#   Use 64 bit Java on a 64 bit OS
#   Decrease Java heap size (-Xmx/-Xms)
#   Decrease number of Java threads
#   Decrease Java thread stack sizes (-Xss)
#   Set larger code cache with -XX:ReservedCodeCacheSize=
# This output file may be truncated or incomplete.
#
#  Out of Memory Error (allocation.cpp:390), pid=156724, tid=0x000000000002718c
#
# JRE version: Java(TM) SE Runtime Environment (8.0_191-b12) (build 1.8.0_191-b12)
# Java VM: Java HotSpot(TM) 64-Bit Server VM (25.191-b12 mixed mode windows-amd64 compressed oops)
# Failed to write core dump. Minidumps are not enabled by default on client versions of Windows
#

---------------  T H R E A D  ---------------

Current thread (0x00000000198ae000):  JavaThread "C2 CompilerThread1" daemon [_thread_in_native, id=160140, stack(0x000000001a280000,0x000000001a380000)]

Stack: [0x000000001a280000,0x000000001a380000]
[error occurred during error reporting (printing stack bounds), id 0xc0000005]

Native frames: (J=compiled Java code, j=interpreted, Vv=VM code, C=native code)


Current CompileTask:
C2:   2347 2141   !   4       java.net.URLClassLoader$1::run (63 bytes)


---------------  P R O C E S S  ---------------

Java Threads: ( => current thread )
  0x0000000019aa2800 JavaThread "surefire-forkedjvm-ping-30s" daemon [_thread_blocked, id=158496, stack(0x000000001a880000,0x000000001a980000)]
  0x0000000019a0d800 JavaThread "surefire-forkedjvm-command-thread" daemon [_thread_in_native, id=160192, stack(0x000000001a780000,0x000000001a880000)]
  0x000000001993f000 JavaThread "Service Thread" daemon [_thread_blocked, id=142484, stack(0x000000001a580000,0x000000001a680000)]
  0x00000000198c0800 JavaThread "C1 CompilerThread3" daemon [_thread_blocked, id=157476, stack(0x000000001a480000,0x000000001a580000)]
  0x00000000198b7000 JavaThread "C2 CompilerThread2" daemon [_thread_in_native, id=157148, stack(0x000000001a380000,0x000000001a480000)]
=>0x00000000198ae000 JavaThread "C2 CompilerThread1" daemon [_thread_in_native, id=160140, stack(0x000000001a280000,0x000000001a380000)]
  0x00000000198ab000 JavaThread "C2 CompilerThread0" daemon [_thread_in_native, id=156748, stack(0x000000001a180000,0x000000001a280000)]
  0x00000000198a8800 JavaThread "Attach Listener" daemon [_thread_blocked, id=117952, stack(0x000000001a080000,0x000000001a180000)]
  0x00000000198a7800 JavaThread "Signal Dispatcher" daemon [_thread_blocked, id=157312, stack(0x0000000019f80000,0x000000001a080000)]
  0x00000000198a0800 JavaThread "Finalizer" daemon [_thread_blocked, id=146164, stack(0x0000000019d80000,0x0000000019e80000)]
  0x0000000017a9d800 JavaThread "Reference Handler" daemon [_thread_blocked, id=158104, stack(0x0000000019c80000,0x0000000019d80000)]
  0x000000000299e800 JavaThread "main" [_thread_in_vm, id=151932, stack(0x0000000002880000,0x0000000002980000)]

Other Threads:
  0x0000000017a98800 VMThread [stack: 0x0000000019780000,0x0000000019880000] [id=159916]
  0x0000000019969000 WatcherThread [stack: 0x000000001a680000,0x000000001a780000] [id=157636]

VM state:not at safepoint (normal execution)

VM Mutex/Monitor currently owned by a thread: None

Heap:
 PSYoungGen      total 71680K, used 21106K [0x00000000d5b80000, 0x00000000da680000, 0x0000000100000000)
  eden space 66560K, 24% used [0x00000000d5b80000,0x00000000d6b23190,0x00000000d9c80000)
  from space 5120K, 99% used [0x00000000d9c80000,0x00000000da179738,0x00000000da180000)
  to   space 5120K, 0% used [0x00000000da180000,0x00000000da180000,0x00000000da680000)
 ParOldGen       total 51200K, used 8801K [0x0000000081200000, 0x0000000084400000, 0x00000000d5b80000)
  object space 51200K, 17% used [0x0000000081200000,0x0000000081a986a0,0x0000000084400000)
 Metaspace       used 29479K, capacity 30438K, committed 30464K, reserved 1075200K
  class space    used 3829K, capacity 4071K, committed 4096K, reserved 1048576K

Card table byte_map: [0x0000000011e60000,0x0000000012260000] byte_map_base: 0x0000000011a57000

Marking Bits: (ParMarkBitMap*) 0x00000000753e3e30
 Begin Bits: [0x0000000012d10000, 0x0000000014cc8000)
 End Bits:   [0x0000000014cc8000, 0x0000000016c80000)

Polling page: 0x0000000000a50000

CodeCache: size=245760Kb used=9220Kb max_used=9229Kb free=236539Kb
 bounds [0x0000000002aa0000, 0x00000000033b0000, 0x0000000011aa0000]
 total_blobs=3038 nmethods=2623 adapters=326
 compilation: enabled

Compilation events (10 events):
Event: 2.342 Thread 0x00000000198c0800 2618       3       org.springframework.asm.MethodWriter::hasFrames (13 bytes)
Event: 2.342 Thread 0x00000000198c0800 nmethod 2618 0x000000000339edd0 code [0x000000000339ef20, 0x000000000339f0d0]
Event: 2.342 Thread 0x00000000198c0800 2620       3       org.springframework.asm.Handler::putExceptionTable (63 bytes)
Event: 2.343 Thread 0x00000000198c0800 nmethod 2620 0x000000000339f150 code [0x000000000339f320, 0x000000000339f7e8]
Event: 2.343 Thread 0x00000000198c0800 2626       3       org.springframework.cglib.proxy.Enhancer$2::transform (53 bytes)
Event: 2.344 Thread 0x00000000198c0800 nmethod 2626 0x00000000033a4010 code [0x00000000033a4240, 0x00000000033a50a8]
Event: 2.344 Thread 0x00000000198c0800 2621       3       org.springframework.cglib.core.CodeEmitter::invoke_static (10 bytes)
Event: 2.344 Thread 0x00000000198ab000 nmethod 2584 0x00000000033a5790 code [0x00000000033a5980, 0x00000000033a71f8]
Event: 2.344 Thread 0x00000000198ab000 2602       4       org.springframework.asm.SymbolTable::put (150 bytes)
Event: 2.344 Thread 0x00000000198c0800 nmethod 2621 0x00000000033a3c50 code [0x00000000033a3dc0, 0x00000000033a3f68]

GC Heap History (10 events):
Event: 1.329 GC heap before
{Heap before GC invocations=4 (full 0):
 PSYoungGen      total 38400K, used 38399K [0x00000000d5b80000, 0x00000000da680000, 0x0000000100000000)
  eden space 33280K, 100% used [0x00000000d5b80000,0x00000000d7c00000,0x00000000d7c00000)
  from space 5120K, 99% used [0x00000000d7c00000,0x00000000d80fff38,0x00000000d8100000)
  to   space 5120K, 0% used [0x00000000da180000,0x00000000da180000,0x00000000da680000)
 ParOldGen       total 87552K, used 1034K [0x0000000081200000, 0x0000000086780000, 0x00000000d5b80000)
  object space 87552K, 1% used [0x0000000081200000,0x00000000813028f0,0x0000000086780000)
 Metaspace       used 19620K, capacity 20140K, committed 20480K, reserved 1067008K
  class space    used 2549K, capacity 2696K, committed 2816K, reserved 1048576K
Event: 1.335 GC heap after
Heap after GC invocations=4 (full 0):
 PSYoungGen      total 71680K, used 5108K [0x00000000d5b80000, 0x00000000da680000, 0x0000000100000000)
  eden space 66560K, 0% used [0x00000000d5b80000,0x00000000d5b80000,0x00000000d9c80000)
  from space 5120K, 99% used [0x00000000da180000,0x00000000da67d3c8,0x00000000da680000)
  to   space 5120K, 0% used [0x00000000d9c80000,0x00000000d9c80000,0x00000000da180000)
 ParOldGen       total 87552K, used 3477K [0x0000000081200000, 0x0000000086780000, 0x00000000d5b80000)
  object space 87552K, 3% used [0x0000000081200000,0x0000000081565658,0x0000000086780000)
 Metaspace       used 19620K, capacity 20140K, committed 20480K, reserved 1067008K
  class space    used 2549K, capacity 2696K, committed 2816K, reserved 1048576K
}
Event: 1.378 GC heap before
{Heap before GC invocations=5 (full 0):
 PSYoungGen      total 71680K, used 15290K [0x00000000d5b80000, 0x00000000da680000, 0x0000000100000000)
  eden space 66560K, 15% used [0x00000000d5b80000,0x00000000d6571508,0x00000000d9c80000)
  from space 5120K, 99% used [0x00000000da180000,0x00000000da67d3c8,0x00000000da680000)
  to   space 5120K, 0% used [0x00000000d9c80000,0x00000000d9c80000,0x00000000da180000)
 ParOldGen       total 87552K, used 3477K [0x0000000081200000, 0x0000000086780000, 0x00000000d5b80000)
  object space 87552K, 3% used [0x0000000081200000,0x0000000081565658,0x0000000086780000)
 Metaspace       used 20678K, capacity 21152K, committed 21248K, reserved 1067008K
  class space    used 2655K, capacity 2796K, committed 2816K, reserved 1048576K
Event: 1.384 GC heap after
Heap after GC invocations=5 (full 0):
 PSYoungGen      total 71680K, used 5119K [0x00000000d5b80000, 0x00000000da680000, 0x0000000100000000)
  eden space 66560K, 0% used [0x00000000d5b80000,0x00000000d5b80000,0x00000000d9c80000)
  from space 5120K, 99% used [0x00000000d9c80000,0x00000000da17fc80,0x00000000da180000)
  to   space 5120K, 0% used [0x00000000da180000,0x00000000da180000,0x00000000da680000)
 ParOldGen       total 87552K, used 4265K [0x0000000081200000, 0x0000000086780000, 0x00000000d5b80000)
  object space 87552K, 4% used [0x0000000081200000,0x000000008162a7e0,0x0000000086780000)
 Metaspace       used 20678K, capacity 21152K, committed 21248K, reserved 1067008K
  class space    used 2655K, capacity 2796K, committed 2816K, reserved 1048576K
}
Event: 1.384 GC heap before
{Heap before GC invocations=6 (full 1):
 PSYoungGen      total 71680K, used 5119K [0x00000000d5b80000, 0x00000000da680000, 0x0000000100000000)
  eden space 66560K, 0% used [0x00000000d5b80000,0x00000000d5b80000,0x00000000d9c80000)
  from space 5120K, 99% used [0x00000000d9c80000,0x00000000da17fc80,0x00000000da180000)
  to   space 5120K, 0% used [0x00000000da180000,0x00000000da180000,0x00000000da680000)
 ParOldGen       total 87552K, used 4265K [0x0000000081200000, 0x0000000086780000, 0x00000000d5b80000)
  object space 87552K, 4% used [0x0000000081200000,0x000000008162a7e0,0x0000000086780000)
 Metaspace       used 20678K, capacity 21152K, committed 21248K, reserved 1067008K
  class space    used 2655K, capacity 2796K, committed 2816K, reserved 1048576K
Event: 1.409 GC heap after
Heap after GC invocations=6 (full 1):
 PSYoungGen      total 71680K, used 0K [0x00000000d5b80000, 0x00000000da680000, 0x0000000100000000)
  eden space 66560K, 0% used [0x00000000d5b80000,0x00000000d5b80000,0x00000000d9c80000)
  from space 5120K, 0% used [0x00000000d9c80000,0x00000000d9c80000,0x00000000da180000)
  to   space 5120K, 0% used [0x00000000da180000,0x00000000da180000,0x00000000da680000)
 ParOldGen       total 51200K, used 5712K [0x0000000081200000, 0x0000000084400000, 0x00000000d5b80000)
  object space 51200K, 11% used [0x0000000081200000,0x0000000081794258,0x0000000084400000)
 Metaspace       used 20678K, capacity 21152K, committed 21248K, reserved 1067008K
  class space    used 2655K, capacity 2796K, committed 2816K, reserved 1048576K
}
Event: 1.675 GC heap before
{Heap before GC invocations=7 (full 1):
 PSYoungGen      total 71680K, used 66536K [0x00000000d5b80000, 0x00000000da680000, 0x0000000100000000)
  eden space 66560K, 99% used [0x00000000d5b80000,0x00000000d9c7a240,0x00000000d9c80000)
  from space 5120K, 0% used [0x00000000d9c80000,0x00000000d9c80000,0x00000000da180000)
  to   space 5120K, 0% used [0x00000000da180000,0x00000000da180000,0x00000000da680000)
 ParOldGen       total 51200K, used 5712K [0x0000000081200000, 0x0000000084400000, 0x00000000d5b80000)
  object space 51200K, 11% used [0x0000000081200000,0x0000000081794258,0x0000000084400000)
 Metaspace       used 24730K, capacity 25378K, committed 25728K, reserved 1071104K
  class space    used 3189K, capacity 3347K, committed 3456K, reserved 1048576K
Event: 1.679 GC heap after
Heap after GC invocations=7 (full 1):
 PSYoungGen      total 71680K, used 5100K [0x00000000d5b80000, 0x00000000da680000, 0x0000000100000000)
  eden space 66560K, 0% used [0x00000000d5b80000,0x00000000d5b80000,0x00000000d9c80000)
  from space 5120K, 99% used [0x00000000da180000,0x00000000da67b0f8,0x00000000da680000)
  to   space 5120K, 0% used [0x00000000d9c80000,0x00000000d9c80000,0x00000000da180000)
 ParOldGen       total 51200K, used 6256K [0x0000000081200000, 0x0000000084400000, 0x00000000d5b80000)
  object space 51200K, 12% used [0x0000000081200000,0x000000008181c150,0x0000000084400000)
 Metaspace       used 24730K, capacity 25378K, committed 25728K, reserved 1071104K
  class space    used 3189K, capacity 3347K, committed 3456K, reserved 1048576K
}
Event: 2.187 GC heap before
{Heap before GC invocations=8 (full 1):
 PSYoungGen      total 71680K, used 71660K [0x00000000d5b80000, 0x00000000da680000, 0x0000000100000000)
  eden space 66560K, 100% used [0x00000000d5b80000,0x00000000d9c80000,0x00000000d9c80000)
  from space 5120K, 99% used [0x00000000da180000,0x00000000da67b0f8,0x00000000da680000)
  to   space 5120K, 0% used [0x00000000d9c80000,0x00000000d9c80000,0x00000000da180000)
 ParOldGen       total 51200K, used 6256K [0x0000000081200000, 0x0000000084400000, 0x00000000d5b80000)
  object space 51200K, 12% used [0x0000000081200000,0x000000008181c150,0x0000000084400000)
 Metaspace       used 28345K, capacity 29306K, committed 29568K, reserved 1075200K
  class space    used 3701K, capacity 3909K, committed 3968K, reserved 1048576K
Event: 2.193 GC heap after
Heap after GC invocations=8 (full 1):
 PSYoungGen      total 71680K, used 5093K [0x00000000d5b80000, 0x00000000da680000, 0x0000000100000000)
  eden space 66560K, 0% used [0x00000000d5b80000,0x00000000d5b80000,0x00000000d9c80000)
  from space 5120K, 99% used [0x00000000d9c80000,0x00000000da179738,0x00000000da180000)
  to   space 5120K, 0% used [0x00000000da180000,0x00000000da180000,0x00000000da680000)
 ParOldGen       total 51200K, used 8801K [0x0000000081200000, 0x0000000084400000, 0x00000000d5b80000)
  object space 51200K, 17% used [0x0000000081200000,0x0000000081a986a0,0x0000000084400000)
 Metaspace       used 28345K, capacity 29306K, committed 29568K, reserved 1075200K
  class space    used 3701K, capacity 3909K, committed 3968K, reserved 1048576K
}

Deoptimization events (10 events):
Event: 1.256 Thread 0x000000000299e800 Uncommon trap: reason=bimorphic action=maybe_recompile pc=0x0000000002de7688 method=java.util.HashMap.putVal(ILjava/lang/Object;Ljava/lang/Object;ZZ)Ljava/lang/Object; @ 253
Event: 1.256 Thread 0x000000000299e800 Uncommon trap: reason=bimorphic action=maybe_recompile pc=0x0000000002de7688 method=java.util.HashMap.putVal(ILjava/lang/Object;Ljava/lang/Object;ZZ)Ljava/lang/Object; @ 253
Event: 1.335 Thread 0x000000000299e800 Uncommon trap: reason=class_check action=maybe_recompile pc=0x0000000002e73b64 method=java.util.concurrent.ConcurrentHashMap.putVal(Ljava/lang/Object;Ljava/lang/Object;Z)Ljava/lang/Object; @ 192
Event: 1.375 Thread 0x0000000019aa2800 Uncommon trap: reason=unstable_if action=reinterpret pc=0x0000000002f62834 method=java.io.WinNTFileSystem.prefixLength(Ljava/lang/String;)I @ 68
Event: 1.513 Thread 0x000000000299e800 Uncommon trap: reason=unstable_if action=reinterpret pc=0x0000000002e73ab0 method=java.util.concurrent.ConcurrentHashMap.putVal(Ljava/lang/Object;Ljava/lang/Object;Z)Ljava/lang/Object; @ 113
Event: 1.548 Thread 0x000000001b65f000 Uncommon trap: reason=unstable_if action=reinterpret pc=0x0000000002f26c68 method=jdk.internal.org.objectweb.asm.Type.getArgumentsAndReturnSizes(Ljava/lang/String;)I @ 47
Event: 1.718 Thread 0x000000001b65f000 Uncommon trap: reason=unstable_if action=reinterpret pc=0x00000000030c6a1c method=com.sun.org.apache.xerces.internal.impl.XMLEntityScanner.skipSpaces()Z @ 125
Event: 1.739 Thread 0x000000001b65f000 Uncommon trap: reason=unstable_if action=reinterpret pc=0x00000000030d9688 method=com.sun.org.apache.xerces.internal.util.SymbolTable.addSymbol([CII)Ljava/lang/String; @ 38
Event: 2.019 Thread 0x000000000299e800 Uncommon trap: reason=class_check action=maybe_recompile pc=0x00000000031932ac method=org.springframework.util.ConcurrentReferenceHashMap$Segment.findInChain(Lorg/springframework/util/ConcurrentReferenceHashMap$Reference;Ljava/lang/Object;I)Lorg/springfra
Event: 2.289 Thread 0x000000000299e800 Uncommon trap: reason=unstable_if action=reinterpret pc=0x000000000324125c method=java.util.LinkedList.node(I)Ljava/util/LinkedList$Node; @ 49

Classes redefined (0 events):
No events

Internal exceptions (10 events):
Event: 1.314 Thread 0x000000000299e800 Exception <a 'java/lang/ClassNotFoundException': org/springframework/core/OrderedCustomizer> (0x00000000d77b5ed8) thrown at [C:\re\workspace\8-2-build-windows-amd64-cygwin\jdk8u191\11896\hotspot\src\share\vm\classfile\systemDictionary.cpp, line 210]
Event: 1.315 Thread 0x000000000299e800 Exception <a 'java/lang/ClassNotFoundException': org/springframework/context/ResourceLoaderAwareCustomizer> (0x00000000d77cdf38) thrown at [C:\re\workspace\8-2-build-windows-amd64-cygwin\jdk8u191\11896\hotspot\src\share\vm\classfile\systemDictionary.cpp, 
Event: 1.315 Thread 0x000000000299e800 Exception <a 'java/lang/ClassNotFoundException': org/springframework/beans/factory/AwareCustomizer> (0x00000000d77e4158) thrown at [C:\re\workspace\8-2-build-windows-amd64-cygwin\jdk8u191\11896\hotspot\src\share\vm\classfile\systemDictionary.cpp, line 210
Event: 1.315 Thread 0x000000000299e800 Exception <a 'java/lang/ClassNotFoundException': org/springframework/beans/factory/BeanClassLoaderAwareCustomizer> (0x00000000d77fd6c8) thrown at [C:\re\workspace\8-2-build-windows-amd64-cygwin\jdk8u191\11896\hotspot\src\share\vm\classfile\systemDictionar
Event: 1.316 Thread 0x000000000299e800 Exception <a 'java/lang/ClassNotFoundException': org/springframework/beans/factory/AwareCustomizer> (0x00000000d7860b10) thrown at [C:\re\workspace\8-2-build-windows-amd64-cygwin\jdk8u191\11896\hotspot\src\share\vm\classfile\systemDictionary.cpp, line 210
Event: 1.316 Thread 0x000000000299e800 Exception <a 'java/lang/ClassNotFoundException': org/springframework/context/EnvironmentAwareCustomizer> (0x00000000d7877250) thrown at [C:\re\workspace\8-2-build-windows-amd64-cygwin\jdk8u191\11896\hotspot\src\share\vm\classfile\systemDictionary.cpp, lin
Event: 1.316 Thread 0x000000000299e800 Exception <a 'java/lang/ClassNotFoundException': org/springframework/beans/factory/AwareCustomizer> (0x00000000d788d368) thrown at [C:\re\workspace\8-2-build-windows-amd64-cygwin\jdk8u191\11896\hotspot\src\share\vm\classfile\systemDictionary.cpp, line 210
Event: 1.472 Thread 0x000000000299e800 Exception <a 'java/lang/IncompatibleClassChangeError': Found class java.lang.Object, but interface was expected> (0x00000000d6ac9e20) thrown at [C:\re\workspace\8-2-build-windows-amd64-cygwin\jdk8u191\11896\hotspot\src\share\vm\interpreter\linkResolver.cp
Event: 1.552 Thread 0x000000001b65f000 Exception <a 'java/lang/IncompatibleClassChangeError': Found class java.lang.Object, but interface was expected> (0x00000000d7a22760) thrown at [C:\re\workspace\8-2-build-windows-amd64-cygwin\jdk8u191\11896\hotspot\src\share\vm\interpreter\linkResolver.cp
Event: 2.047 Thread 0x000000000299e800 Exception <a 'java/lang/NoSuchMethodError': java.lang.Object.lambda$andThen$1(Ljava/util/function/Function;Ljava/lang/Object;)Ljava/lang/Object;> (0x00000000d92144e0) thrown at [C:\re\workspace\8-2-build-windows-amd64-cygwin\jdk8u191\11896\hotspot\src\sha

Events (10 events):
Event: 2.298 loading class javax/json/bind/Jsonb
Event: 2.298 loading class javax/json/bind/Jsonb done
Event: 2.298 loading class javax/json/bind$Jsonb
Event: 2.298 loading class javax/json/bind$Jsonb done
Event: 2.343 loading class org/springframework/boot/info/GitProperties
Event: 2.343 loading class org/springframework/boot/info/GitProperties done
Event: 2.344 loading class org/springframework/boot/info/InfoProperties
Event: 2.344 loading class org/springframework/boot/info/InfoProperties done
Event: 2.344 loading class org/springframework/boot/info/BuildProperties
Event: 2.344 loading class org/springframework/boot/info/BuildProperties done


Dynamic libraries:
0x00007ff636680000 - 0x00007ff6366b7000 	C:\Program Files\Java\jdk1.8.0_191\jre\bin\java.exe
0x00007ffbadc00000 - 0x00007ffbadde1000 	C:\WINDOWS\SYSTEM32\ntdll.dll
0x00007ffbad7d0000 - 0x00007ffbad882000 	C:\WINDOWS\System32\KERNEL32.DLL
0x00007ffbaa0d0000 - 0x00007ffbaa343000 	C:\WINDOWS\System32\KERNELBASE.dll
0x00007ffbad5f0000 - 0x00007ffbad691000 	C:\WINDOWS\System32\ADVAPI32.dll
0x00007ffbad700000 - 0x00007ffbad79e000 	C:\WINDOWS\System32\msvcrt.dll
0x00007ffbad8c0000 - 0x00007ffbad91b000 	C:\WINDOWS\System32\sechost.dll
0x00007ffbac680000 - 0x00007ffbac7a4000 	C:\WINDOWS\System32\RPCRT4.dll
0x00007ffbad460000 - 0x00007ffbad5f0000 	C:\WINDOWS\System32\USER32.dll
0x00007ffbaa620000 - 0x00007ffbaa640000 	C:\WINDOWS\System32\win32u.dll
0x00007ffbad7a0000 - 0x00007ffbad7c8000 	C:\WINDOWS\System32\GDI32.dll
0x00007ffbaa350000 - 0x00007ffbaa4e2000 	C:\WINDOWS\System32\gdi32full.dll
0x00007ffbaa8e0000 - 0x00007ffbaa97f000 	C:\WINDOWS\System32\msvcp_win.dll
0x00007ffba9fd0000 - 0x00007ffbaa0ca000 	C:\WINDOWS\System32\ucrtbase.dll
0x00007ffb9c110000 - 0x00007ffb9c379000 	C:\WINDOWS\WinSxS\amd64_microsoft.windows.common-controls_6595b64144ccf1df_6.0.17134.407_none_fb449d63306391e9\COMCTL32.dll
0x00007ffbad130000 - 0x00007ffbad452000 	C:\WINDOWS\System32\combase.dll
0x00007ffbaa4f0000 - 0x00007ffbaa56a000 	C:\WINDOWS\System32\bcryptPrimitives.dll
0x00007ffbaca00000 - 0x00007ffbaca2d000 	C:\WINDOWS\System32\IMM32.DLL
0x0000000077d30000 - 0x0000000077e02000 	C:\Program Files\Java\jdk1.8.0_191\jre\bin\msvcr100.dll
0x0000000074bc0000 - 0x0000000075464000 	C:\Program Files\Java\jdk1.8.0_191\jre\bin\server\jvm.dll
0x00007ffbad890000 - 0x00007ffbad898000 	C:\WINDOWS\System32\PSAPI.DLL
0x00007ffba6760000 - 0x00007ffba6769000 	C:\WINDOWS\SYSTEM32\WSOCK32.dll
0x00007ffb9f1c0000 - 0x00007ffb9f1e3000 	C:\WINDOWS\SYSTEM32\WINMM.dll
0x00007ffb9f540000 - 0x00007ffb9f54a000 	C:\WINDOWS\SYSTEM32\VERSION.dll
0x00007ffbac990000 - 0x00007ffbac9fc000 	C:\WINDOWS\System32\WS2_32.dll
0x00007ffb9cac0000 - 0x00007ffb9caea000 	C:\WINDOWS\SYSTEM32\winmmbase.dll
0x00007ffbaa6a0000 - 0x00007ffbaa6e9000 	C:\WINDOWS\System32\cfgmgr32.dll
0x0000000077d20000 - 0x0000000077d2f000 	C:\Program Files\Java\jdk1.8.0_191\jre\bin\verify.dll
0x0000000077cf0000 - 0x0000000077d19000 	C:\Program Files\Java\jdk1.8.0_191\jre\bin\java.dll
0x0000000077cd0000 - 0x0000000077ce6000 	C:\Program Files\Java\jdk1.8.0_191\jre\bin\zip.dll
0x00007ffbab240000 - 0x00007ffbac67f000 	C:\WINDOWS\System32\SHELL32.dll
0x00007ffbadac0000 - 0x00007ffbadb69000 	C:\WINDOWS\System32\shcore.dll
0x00007ffbaa980000 - 0x00007ffbab08d000 	C:\WINDOWS\System32\windows.storage.dll
0x00007ffbacf50000 - 0x00007ffbacfa1000 	C:\WINDOWS\System32\shlwapi.dll
0x00007ffba9f40000 - 0x00007ffba9f51000 	C:\WINDOWS\System32\kernel.appcore.dll
0x00007ffba9f60000 - 0x00007ffba9f7f000 	C:\WINDOWS\System32\profapi.dll
0x00007ffba9f80000 - 0x00007ffba9fcc000 	C:\WINDOWS\System32\powrprof.dll
0x00007ffba9f30000 - 0x00007ffba9f3a000 	C:\WINDOWS\System32\FLTLIB.DLL
0x00000000779e0000 - 0x00000000779ed000 	C:\Program Files\Java\jdk1.8.0_191\jre\bin\management.dll
0x0000000077cb0000 - 0x0000000077cca000 	C:\Program Files\Java\jdk1.8.0_191\jre\bin\net.dll
0x00007ffba9790000 - 0x00007ffba97f6000 	C:\WINDOWS\system32\mswsock.dll
0x00000000779f0000 - 0x0000000077a01000 	C:\Program Files\Java\jdk1.8.0_191\jre\bin\nio.dll
0x00007ffb9c3a0000 - 0x00007ffb9c3b6000 	C:\WINDOWS\system32\napinsp.dll
0x00007ffb9ad40000 - 0x00007ffb9ad5a000 	C:\WINDOWS\system32\pnrpnsp.dll
0x00007ffba6600000 - 0x00007ffba6619000 	C:\WINDOWS\system32\NLAapi.dll
0x00007ffba9550000 - 0x00007ffba960e000 	C:\WINDOWS\SYSTEM32\DNSAPI.dll
0x00007ffbab140000 - 0x00007ffbab148000 	C:\WINDOWS\System32\NSI.dll
0x00007ffba9510000 - 0x00007ffba9548000 	C:\WINDOWS\SYSTEM32\IPHLPAPI.DLL
0x00007ffb9ae00000 - 0x00007ffb9ae0e000 	C:\WINDOWS\System32\winrnr.dll
0x00007ffb97480000 - 0x00007ffb97495000 	C:\WINDOWS\System32\wshbth.dll
0x00007ffba3b20000 - 0x00007ffba3b2a000 	C:\Windows\System32\rasadhlp.dll
0x00007ffba3810000 - 0x00007ffba3882000 	C:\WINDOWS\System32\fwpuclnt.dll
0x00007ffba9a70000 - 0x00007ffba9a95000 	C:\WINDOWS\SYSTEM32\bcrypt.dll

VM Arguments:
java_command: C:\Users\acerv15\AppData\Local\Temp\surefire3049284527654691926\surefirebooter2300951064550806033.jar C:\Users\acerv15\AppData\Local\Temp\surefire3049284527654691926 2018-12-09T13-47-41_426-jvmRun1 surefire7466017943521669135tmp surefire_01479235182054566163tmp
java_class_path (initial): C:\Users\acerv15\AppData\Local\Temp\surefire3049284527654691926\surefirebooter2300951064550806033.jar
Launcher Type: SUN_STANDARD

Environment Variables:
JAVA_HOME=C:\Program Files\Java\jdk1.8.0_191
USERNAME=acerv15
OS=Windows_NT
PROCESSOR_IDENTIFIER=Intel64 Family 6 Model 60 Stepping 3, GenuineIntel



---------------  S Y S T E M  ---------------

OS: Windows 10.0 , 64 bit Build 17134 (10.0.17134.1)

CPU:total 8 (initial active 8) (4 cores per cpu, 2 threads per core) family 6 model 60 stepping 3, cmov, cx8, fxsr, mmx, sse, sse2, sse3, ssse3, sse4.1, sse4.2, popcnt, avx, avx2, aes, clmul, erms, lzcnt, ht, tsc, tscinvbit, bmi1, bmi2

Memory: 4k page, physical 8310040k(2211732k free), swap 11382040k(6572k free)

vm_info: Java HotSpot(TM) 64-Bit Server VM (25.191-b12) for windows-amd64 JRE (1.8.0_191-b12), built on Oct  6 2018 09:29:03 by "java_re" with MS VC++ 10.0 (VS2010)

time: Sun Dec 09 13:47:44 2018
elapsed time: 2 seconds (0d 0h 0m 2s)

